{"/Users/mfuon/WebstormProjects/date-wise/src/index.ts":{"path":"/Users/mfuon/WebstormProjects/date-wise/src/index.ts","statementMap":{"0":{"start":{"line":8,"column":0},"end":{"line":8,"column":62}},"1":{"start":{"line":9,"column":0},"end":{"line":9,"column":73}},"2":{"start":{"line":10,"column":0},"end":{"line":10,"column":30}},"3":{"start":{"line":11,"column":0},"end":{"line":11,"column":32}},"4":{"start":{"line":12,"column":0},"end":{"line":12,"column":26}},"5":{"start":{"line":13,"column":0},"end":{"line":13,"column":36}},"6":{"start":{"line":14,"column":0},"end":{"line":14,"column":34}},"7":{"start":{"line":15,"column":0},"end":{"line":15,"column":40}},"8":{"start":{"line":16,"column":0},"end":{"line":16,"column":34}},"9":{"start":{"line":17,"column":0},"end":{"line":17,"column":26}},"10":{"start":{"line":18,"column":0},"end":{"line":18,"column":22}},"11":{"start":{"line":19,"column":0},"end":{"line":19,"column":36}},"12":{"start":{"line":20,"column":0},"end":{"line":20,"column":38}},"13":{"start":{"line":21,"column":0},"end":{"line":21,"column":32}},"14":{"start":{"line":22,"column":0},"end":{"line":22,"column":40}},"15":{"start":{"line":23,"column":0},"end":{"line":23,"column":42}},"16":{"start":{"line":24,"column":0},"end":{"line":24,"column":46}},"17":{"start":{"line":25,"column":0},"end":{"line":25,"column":32}},"18":{"start":{"line":26,"column":0},"end":{"line":26,"column":24}},"19":{"start":{"line":27,"column":0},"end":{"line":27,"column":22}},"20":{"start":{"line":28,"column":0},"end":{"line":28,"column":46}},"21":{"start":{"line":29,"column":0},"end":{"line":29,"column":48}},"22":{"start":{"line":35,"column":8},"end":{"line":35,"column":44}},"23":{"start":{"line":36,"column":8},"end":{"line":36,"column":36}},"24":{"start":{"line":38,"column":8},"end":{"line":40,"column":9}},"25":{"start":{"line":39,"column":12},"end":{"line":39,"column":57}},"26":{"start":{"line":43,"column":0},"end":{"line":43,"column":38}},"27":{"start":{"line":52,"column":52},"end":{"line":52,"column":59}},"28":{"start":{"line":53,"column":4},"end":{"line":139,"column":5}},"29":{"start":{"line":54,"column":8},"end":{"line":59,"column":9}},"30":{"start":{"line":55,"column":25},"end":{"line":55,"column":50}},"31":{"start":{"line":56,"column":12},"end":{"line":57,"column":63}},"32":{"start":{"line":57,"column":16},"end":{"line":57,"column":63}},"33":{"start":{"line":58,"column":12},"end":{"line":58,"column":24}},"34":{"start":{"line":60,"column":8},"end":{"line":65,"column":9}},"35":{"start":{"line":61,"column":25},"end":{"line":61,"column":40}},"36":{"start":{"line":62,"column":12},"end":{"line":63,"column":71}},"37":{"start":{"line":63,"column":16},"end":{"line":63,"column":71}},"38":{"start":{"line":64,"column":12},"end":{"line":64,"column":24}},"39":{"start":{"line":66,"column":8},"end":{"line":68,"column":9}},"40":{"start":{"line":67,"column":12},"end":{"line":67,"column":67}},"41":{"start":{"line":69,"column":23},"end":{"line":72,"column":9}},"42":{"start":{"line":74,"column":28},"end":{"line":74,"column":61}},"43":{"start":{"line":75,"column":27},"end":{"line":75,"column":51}},"44":{"start":{"line":76,"column":8},"end":{"line":93,"column":9}},"45":{"start":{"line":77,"column":47},"end":{"line":77,"column":57}},"46":{"start":{"line":78,"column":25},"end":{"line":78,"column":46}},"47":{"start":{"line":80,"column":26},"end":{"line":80,"column":45}},"48":{"start":{"line":81,"column":24},"end":{"line":81,"column":44}},"49":{"start":{"line":82,"column":25},"end":{"line":82,"column":55}},"50":{"start":{"line":83,"column":12},"end":{"line":85,"column":13}},"51":{"start":{"line":84,"column":16},"end":{"line":84,"column":28}},"52":{"start":{"line":87,"column":27},"end":{"line":87,"column":32}},"53":{"start":{"line":88,"column":29},"end":{"line":88,"column":32}},"54":{"start":{"line":89,"column":28},"end":{"line":89,"column":64}},"55":{"start":{"line":90,"column":12},"end":{"line":92,"column":13}},"56":{"start":{"line":91,"column":16},"end":{"line":91,"column":31}},"57":{"start":{"line":95,"column":26},"end":{"line":95,"column":66}},"58":{"start":{"line":96,"column":23},"end":{"line":96,"column":45}},"59":{"start":{"line":97,"column":8},"end":{"line":108,"column":9}},"60":{"start":{"line":98,"column":50},"end":{"line":98,"column":56}},"61":{"start":{"line":99,"column":24},"end":{"line":99,"column":44}},"62":{"start":{"line":100,"column":25},"end":{"line":100,"column":46}},"63":{"start":{"line":101,"column":31},"end":{"line":101,"column":102}},"64":{"start":{"line":101,"column":53},"end":{"line":101,"column":101}},"65":{"start":{"line":102,"column":12},"end":{"line":107,"column":13}},"66":{"start":{"line":103,"column":29},"end":{"line":103,"column":60}},"67":{"start":{"line":104,"column":16},"end":{"line":106,"column":17}},"68":{"start":{"line":105,"column":20},"end":{"line":105,"column":32}},"69":{"start":{"line":110,"column":26},"end":{"line":110,"column":72}},"70":{"start":{"line":111,"column":23},"end":{"line":111,"column":45}},"71":{"start":{"line":112,"column":8},"end":{"line":123,"column":9}},"72":{"start":{"line":113,"column":50},"end":{"line":113,"column":56}},"73":{"start":{"line":114,"column":24},"end":{"line":114,"column":44}},"74":{"start":{"line":115,"column":25},"end":{"line":115,"column":46}},"75":{"start":{"line":116,"column":31},"end":{"line":116,"column":102}},"76":{"start":{"line":116,"column":53},"end":{"line":116,"column":101}},"77":{"start":{"line":117,"column":12},"end":{"line":122,"column":13}},"78":{"start":{"line":118,"column":29},"end":{"line":118,"column":60}},"79":{"start":{"line":119,"column":16},"end":{"line":121,"column":17}},"80":{"start":{"line":120,"column":20},"end":{"line":120,"column":32}},"81":{"start":{"line":125,"column":24},"end":{"line":125,"column":39}},"82":{"start":{"line":126,"column":8},"end":{"line":131,"column":9}},"83":{"start":{"line":127,"column":35},"end":{"line":127,"column":93}},"84":{"start":{"line":128,"column":12},"end":{"line":130,"column":13}},"85":{"start":{"line":129,"column":16},"end":{"line":129,"column":31}},"86":{"start":{"line":132,"column":8},"end":{"line":132,"column":66}},"87":{"start":{"line":135,"column":8},"end":{"line":137,"column":9}},"88":{"start":{"line":136,"column":12},"end":{"line":136,"column":111}},"89":{"start":{"line":138,"column":8},"end":{"line":138,"column":24}},"90":{"start":{"line":149,"column":21},"end":{"line":149,"column":58}},"91":{"start":{"line":150,"column":4},"end":{"line":152,"column":5}},"92":{"start":{"line":151,"column":8},"end":{"line":151,"column":71}},"93":{"start":{"line":153,"column":17},"end":{"line":153,"column":39}},"94":{"start":{"line":154,"column":18},"end":{"line":154,"column":41}},"95":{"start":{"line":155,"column":16},"end":{"line":155,"column":34}},"96":{"start":{"line":156,"column":20},"end":{"line":156,"column":39}},"97":{"start":{"line":157,"column":20},"end":{"line":157,"column":38}},"98":{"start":{"line":158,"column":20},"end":{"line":158,"column":41}},"99":{"start":{"line":159,"column":20},"end":{"line":159,"column":41}},"100":{"start":{"line":160,"column":17},"end":{"line":160,"column":44}},"101":{"start":{"line":161,"column":16},"end":{"line":161,"column":56}},"102":{"start":{"line":161,"column":25},"end":{"line":161,"column":56}},"103":{"start":{"line":162,"column":23},"end":{"line":163,"column":49}},"104":{"start":{"line":164,"column":4},"end":{"line":183,"column":5}},"105":{"start":{"line":166,"column":12},"end":{"line":166,"column":55}},"106":{"start":{"line":168,"column":12},"end":{"line":168,"column":55}},"107":{"start":{"line":170,"column":12},"end":{"line":170,"column":55}},"108":{"start":{"line":172,"column":12},"end":{"line":172,"column":103}},"109":{"start":{"line":174,"column":12},"end":{"line":174,"column":76}},"110":{"start":{"line":176,"column":12},"end":{"line":176,"column":77}},"111":{"start":{"line":178,"column":12},"end":{"line":178,"column":69}},"112":{"start":{"line":180,"column":12},"end":{"line":180,"column":61}},"113":{"start":{"line":182,"column":12},"end":{"line":182,"column":74}},"114":{"start":{"line":193,"column":21},"end":{"line":193,"column":58}},"115":{"start":{"line":194,"column":4},"end":{"line":196,"column":5}},"116":{"start":{"line":195,"column":8},"end":{"line":195,"column":68}},"117":{"start":{"line":197,"column":19},"end":{"line":197,"column":47}},"118":{"start":{"line":198,"column":4},"end":{"line":225,"column":5}},"119":{"start":{"line":200,"column":12},"end":{"line":200,"column":70}},"120":{"start":{"line":201,"column":12},"end":{"line":201,"column":18}},"121":{"start":{"line":203,"column":12},"end":{"line":203,"column":60}},"122":{"start":{"line":204,"column":12},"end":{"line":204,"column":18}},"123":{"start":{"line":206,"column":12},"end":{"line":206,"column":60}},"124":{"start":{"line":207,"column":12},"end":{"line":207,"column":18}},"125":{"start":{"line":209,"column":12},"end":{"line":209,"column":56}},"126":{"start":{"line":210,"column":12},"end":{"line":210,"column":18}},"127":{"start":{"line":212,"column":12},"end":{"line":212,"column":54}},"128":{"start":{"line":213,"column":12},"end":{"line":213,"column":18}},"129":{"start":{"line":215,"column":12},"end":{"line":215,"column":60}},"130":{"start":{"line":216,"column":12},"end":{"line":216,"column":18}},"131":{"start":{"line":218,"column":12},"end":{"line":218,"column":56}},"132":{"start":{"line":219,"column":12},"end":{"line":219,"column":18}},"133":{"start":{"line":221,"column":12},"end":{"line":221,"column":62}},"134":{"start":{"line":222,"column":12},"end":{"line":222,"column":18}},"135":{"start":{"line":224,"column":12},"end":{"line":224,"column":66}},"136":{"start":{"line":226,"column":4},"end":{"line":226,"column":18}},"137":{"start":{"line":236,"column":4},"end":{"line":236,"column":40}},"138":{"start":{"line":246,"column":22},"end":{"line":246,"column":60}},"139":{"start":{"line":247,"column":22},"end":{"line":247,"column":60}},"140":{"start":{"line":248,"column":4},"end":{"line":250,"column":5}},"141":{"start":{"line":249,"column":8},"end":{"line":249,"column":75}},"142":{"start":{"line":251,"column":19},"end":{"line":251,"column":60}},"143":{"start":{"line":252,"column":4},"end":{"line":281,"column":5}},"144":{"start":{"line":254,"column":12},"end":{"line":254,"column":26}},"145":{"start":{"line":256,"column":12},"end":{"line":256,"column":45}},"146":{"start":{"line":258,"column":12},"end":{"line":258,"column":52}},"147":{"start":{"line":260,"column":12},"end":{"line":260,"column":57}},"148":{"start":{"line":262,"column":12},"end":{"line":262,"column":62}},"149":{"start":{"line":264,"column":12},"end":{"line":264,"column":66}},"150":{"start":{"line":267,"column":27},"end":{"line":267,"column":50}},"151":{"start":{"line":268,"column":27},"end":{"line":268,"column":50}},"152":{"start":{"line":269,"column":28},"end":{"line":269,"column":48}},"153":{"start":{"line":270,"column":28},"end":{"line":270,"column":48}},"154":{"start":{"line":271,"column":12},"end":{"line":271,"column":64}},"155":{"start":{"line":274,"column":27},"end":{"line":274,"column":50}},"156":{"start":{"line":275,"column":27},"end":{"line":275,"column":50}},"157":{"start":{"line":276,"column":36},"end":{"line":276,"column":86}},"158":{"start":{"line":277,"column":12},"end":{"line":277,"column":53}},"159":{"start":{"line":280,"column":12},"end":{"line":280,"column":66}},"160":{"start":{"line":292,"column":21},"end":{"line":292,"column":58}},"161":{"start":{"line":293,"column":26},"end":{"line":293,"column":68}},"162":{"start":{"line":294,"column":24},"end":{"line":294,"column":64}},"163":{"start":{"line":295,"column":4},"end":{"line":297,"column":5}},"164":{"start":{"line":296,"column":8},"end":{"line":296,"column":78}},"165":{"start":{"line":298,"column":21},"end":{"line":298,"column":39}},"166":{"start":{"line":299,"column":22},"end":{"line":299,"column":45}},"167":{"start":{"line":300,"column":20},"end":{"line":300,"column":41}},"168":{"start":{"line":301,"column":4},"end":{"line":306,"column":5}},"169":{"start":{"line":302,"column":8},"end":{"line":302,"column":60}},"170":{"start":{"line":305,"column":8},"end":{"line":305,"column":58}},"171":{"start":{"line":315,"column":23},"end":{"line":315,"column":61}},"172":{"start":{"line":316,"column":4},"end":{"line":316,"column":31}},"173":{"start":{"line":325,"column":21},"end":{"line":325,"column":58}},"174":{"start":{"line":326,"column":4},"end":{"line":328,"column":5}},"175":{"start":{"line":327,"column":8},"end":{"line":327,"column":68}},"176":{"start":{"line":329,"column":19},"end":{"line":329,"column":47}},"177":{"start":{"line":330,"column":4},"end":{"line":355,"column":5}},"178":{"start":{"line":332,"column":12},"end":{"line":332,"column":39}},"179":{"start":{"line":333,"column":12},"end":{"line":333,"column":18}},"180":{"start":{"line":335,"column":12},"end":{"line":335,"column":40}},"181":{"start":{"line":336,"column":12},"end":{"line":336,"column":18}},"182":{"start":{"line":339,"column":30},"end":{"line":339,"column":45}},"183":{"start":{"line":341,"column":12},"end":{"line":341,"column":57}},"184":{"start":{"line":342,"column":12},"end":{"line":342,"column":40}},"185":{"start":{"line":343,"column":12},"end":{"line":343,"column":18}},"186":{"start":{"line":346,"column":12},"end":{"line":346,"column":30}},"187":{"start":{"line":347,"column":12},"end":{"line":347,"column":40}},"188":{"start":{"line":348,"column":12},"end":{"line":348,"column":18}},"189":{"start":{"line":350,"column":12},"end":{"line":350,"column":34}},"190":{"start":{"line":351,"column":12},"end":{"line":351,"column":40}},"191":{"start":{"line":352,"column":12},"end":{"line":352,"column":18}},"192":{"start":{"line":354,"column":12},"end":{"line":354,"column":78}},"193":{"start":{"line":356,"column":4},"end":{"line":356,"column":18}},"194":{"start":{"line":365,"column":21},"end":{"line":365,"column":58}},"195":{"start":{"line":366,"column":4},"end":{"line":368,"column":5}},"196":{"start":{"line":367,"column":8},"end":{"line":367,"column":66}},"197":{"start":{"line":369,"column":19},"end":{"line":369,"column":47}},"198":{"start":{"line":370,"column":4},"end":{"line":397,"column":5}},"199":{"start":{"line":372,"column":12},"end":{"line":372,"column":43}},"200":{"start":{"line":373,"column":12},"end":{"line":373,"column":18}},"201":{"start":{"line":375,"column":12},"end":{"line":375,"column":45}},"202":{"start":{"line":376,"column":12},"end":{"line":376,"column":18}},"203":{"start":{"line":379,"column":30},"end":{"line":379,"column":45}},"204":{"start":{"line":381,"column":12},"end":{"line":381,"column":63}},"205":{"start":{"line":382,"column":12},"end":{"line":382,"column":45}},"206":{"start":{"line":383,"column":12},"end":{"line":383,"column":18}},"207":{"start":{"line":387,"column":12},"end":{"line":387,"column":54}},"208":{"start":{"line":388,"column":12},"end":{"line":388,"column":45}},"209":{"start":{"line":389,"column":12},"end":{"line":389,"column":18}},"210":{"start":{"line":392,"column":12},"end":{"line":392,"column":36}},"211":{"start":{"line":393,"column":12},"end":{"line":393,"column":45}},"212":{"start":{"line":394,"column":12},"end":{"line":394,"column":18}},"213":{"start":{"line":396,"column":12},"end":{"line":396,"column":76}},"214":{"start":{"line":398,"column":4},"end":{"line":398,"column":18}},"215":{"start":{"line":406,"column":21},"end":{"line":406,"column":58}},"216":{"start":{"line":407,"column":4},"end":{"line":409,"column":5}},"217":{"start":{"line":408,"column":8},"end":{"line":408,"column":73}},"218":{"start":{"line":410,"column":24},"end":{"line":410,"column":62}},"219":{"start":{"line":411,"column":17},"end":{"line":411,"column":59}},"220":{"start":{"line":412,"column":19},"end":{"line":412,"column":38}},"221":{"start":{"line":413,"column":4},"end":{"line":413,"column":37}},"222":{"start":{"line":421,"column":21},"end":{"line":421,"column":58}},"223":{"start":{"line":422,"column":4},"end":{"line":424,"column":5}},"224":{"start":{"line":423,"column":8},"end":{"line":423,"column":74}},"225":{"start":{"line":427,"column":19},"end":{"line":427,"column":47}},"226":{"start":{"line":428,"column":18},"end":{"line":428,"column":45}},"227":{"start":{"line":429,"column":4},"end":{"line":429,"column":49}},"228":{"start":{"line":431,"column":26},"end":{"line":431,"column":62}},"229":{"start":{"line":433,"column":4},"end":{"line":435,"column":5}},"230":{"start":{"line":434,"column":8},"end":{"line":434,"column":78}},"231":{"start":{"line":437,"column":21},"end":{"line":437,"column":90}},"232":{"start":{"line":438,"column":4},"end":{"line":438,"column":36}},"233":{"start":{"line":447,"column":4},"end":{"line":456,"column":5}},"234":{"start":{"line":448,"column":8},"end":{"line":448,"column":27}},"235":{"start":{"line":451,"column":25},"end":{"line":451,"column":62}},"236":{"start":{"line":452,"column":8},"end":{"line":454,"column":9}},"237":{"start":{"line":453,"column":12},"end":{"line":453,"column":75}},"238":{"start":{"line":455,"column":8},"end":{"line":455,"column":45}},"239":{"start":{"line":457,"column":4},"end":{"line":457,"column":91}},"240":{"start":{"line":465,"column":21},"end":{"line":465,"column":58}},"241":{"start":{"line":466,"column":4},"end":{"line":468,"column":5}},"242":{"start":{"line":467,"column":8},"end":{"line":467,"column":75}},"243":{"start":{"line":469,"column":4},"end":{"line":469,"column":82}},"244":{"start":{"line":478,"column":21},"end":{"line":478,"column":58}},"245":{"start":{"line":479,"column":25},"end":{"line":479,"column":66}},"246":{"start":{"line":480,"column":4},"end":{"line":482,"column":5}},"247":{"start":{"line":481,"column":8},"end":{"line":481,"column":79}},"248":{"start":{"line":483,"column":20},"end":{"line":483,"column":63}},"249":{"start":{"line":484,"column":19},"end":{"line":484,"column":30}},"250":{"start":{"line":485,"column":21},"end":{"line":485,"column":38}},"251":{"start":{"line":486,"column":25},"end":{"line":486,"column":52}},"252":{"start":{"line":488,"column":19},"end":{"line":491,"column":5}},"253":{"start":{"line":489,"column":23},"end":{"line":489,"column":45}},"254":{"start":{"line":490,"column":8},"end":{"line":490,"column":89}},"255":{"start":{"line":493,"column":4},"end":{"line":494,"column":26}},"256":{"start":{"line":494,"column":8},"end":{"line":494,"column":26}},"257":{"start":{"line":495,"column":4},"end":{"line":496,"column":46}},"258":{"start":{"line":496,"column":8},"end":{"line":496,"column":46}},"259":{"start":{"line":497,"column":4},"end":{"line":498,"column":63}},"260":{"start":{"line":498,"column":8},"end":{"line":498,"column":63}},"261":{"start":{"line":499,"column":4},"end":{"line":500,"column":63}},"262":{"start":{"line":500,"column":8},"end":{"line":500,"column":63}},"263":{"start":{"line":501,"column":4},"end":{"line":502,"column":63}},"264":{"start":{"line":502,"column":8},"end":{"line":502,"column":63}},"265":{"start":{"line":503,"column":4},"end":{"line":504,"column":65}},"266":{"start":{"line":504,"column":8},"end":{"line":504,"column":65}},"267":{"start":{"line":506,"column":17},"end":{"line":506,"column":102}},"268":{"start":{"line":507,"column":15},"end":{"line":507,"column":88}},"269":{"start":{"line":508,"column":16},"end":{"line":508,"column":53}},"270":{"start":{"line":509,"column":17},"end":{"line":509,"column":48}},"271":{"start":{"line":510,"column":22},"end":{"line":510,"column":41}},"272":{"start":{"line":512,"column":4},"end":{"line":514,"column":5}},"273":{"start":{"line":513,"column":8},"end":{"line":513,"column":25}},"274":{"start":{"line":515,"column":4},"end":{"line":517,"column":5}},"275":{"start":{"line":516,"column":8},"end":{"line":516,"column":70}},"276":{"start":{"line":518,"column":4},"end":{"line":518,"column":50}},"277":{"start":{"line":526,"column":21},"end":{"line":526,"column":58}},"278":{"start":{"line":527,"column":4},"end":{"line":529,"column":5}},"279":{"start":{"line":528,"column":8},"end":{"line":528,"column":78}},"280":{"start":{"line":530,"column":4},"end":{"line":530,"column":40}},"281":{"start":{"line":545,"column":4},"end":{"line":547,"column":5}},"282":{"start":{"line":546,"column":8},"end":{"line":546,"column":80}},"283":{"start":{"line":548,"column":17},"end":{"line":548,"column":82}},"284":{"start":{"line":550,"column":4},"end":{"line":552,"column":5}},"285":{"start":{"line":551,"column":8},"end":{"line":551,"column":82}},"286":{"start":{"line":554,"column":4},"end":{"line":556,"column":5}},"287":{"start":{"line":555,"column":8},"end":{"line":555,"column":73}},"288":{"start":{"line":557,"column":4},"end":{"line":557,"column":16}},"289":{"start":{"line":571,"column":30},"end":{"line":571,"column":39}},"290":{"start":{"line":573,"column":21},"end":{"line":573,"column":57}},"291":{"start":{"line":574,"column":8},"end":{"line":574,"column":40}},"292":{"start":{"line":575,"column":8},"end":{"line":575,"column":38}},"293":{"start":{"line":576,"column":8},"end":{"line":576,"column":35}},"294":{"start":{"line":584,"column":8},"end":{"line":584,"column":89}},"295":{"start":{"line":592,"column":21},"end":{"line":592,"column":59}},"296":{"start":{"line":593,"column":8},"end":{"line":595,"column":9}},"297":{"start":{"line":594,"column":12},"end":{"line":594,"column":88}},"298":{"start":{"line":596,"column":8},"end":{"line":596,"column":43}},"299":{"start":{"line":602,"column":8},"end":{"line":602,"column":26}},"300":{"start":{"line":608,"column":8},"end":{"line":608,"column":31}},"301":{"start":{"line":614,"column":8},"end":{"line":614,"column":25}},"302":{"start":{"line":621,"column":8},"end":{"line":621,"column":72}},"303":{"start":{"line":628,"column":8},"end":{"line":628,"column":55}},"304":{"start":{"line":637,"column":24},"end":{"line":637,"column":60}},"305":{"start":{"line":638,"column":8},"end":{"line":638,"column":46}},"306":{"start":{"line":646,"column":8},"end":{"line":648,"column":38}},"307":{"start":{"line":656,"column":8},"end":{"line":658,"column":9}},"308":{"start":{"line":657,"column":12},"end":{"line":657,"column":44}},"309":{"start":{"line":659,"column":8},"end":{"line":661,"column":9}},"310":{"start":{"line":660,"column":12},"end":{"line":660,"column":46}},"311":{"start":{"line":662,"column":8},"end":{"line":662,"column":38}},"312":{"start":{"line":670,"column":8},"end":{"line":670,"column":39}},"313":{"start":{"line":678,"column":8},"end":{"line":678,"column":39}},"314":{"start":{"line":681,"column":0},"end":{"line":681,"column":36}},"315":{"start":{"line":687,"column":16},"end":{"line":687,"column":26}},"316":{"start":{"line":688,"column":4},"end":{"line":688,"column":69}},"317":{"start":{"line":696,"column":21},"end":{"line":696,"column":58}},"318":{"start":{"line":697,"column":4},"end":{"line":699,"column":5}},"319":{"start":{"line":698,"column":8},"end":{"line":698,"column":66}},"320":{"start":{"line":700,"column":4},"end":{"line":700,"column":79}},"321":{"start":{"line":707,"column":19},"end":{"line":707,"column":49}},"322":{"start":{"line":708,"column":17},"end":{"line":708,"column":40}},"323":{"start":{"line":709,"column":22},"end":{"line":709,"column":38}},"324":{"start":{"line":710,"column":18},"end":{"line":710,"column":44}},"325":{"start":{"line":711,"column":20},"end":{"line":711,"column":34}},"326":{"start":{"line":712,"column":4},"end":{"line":712,"column":99}},"327":{"start":{"line":722,"column":4},"end":{"line":774,"column":5}},"328":{"start":{"line":724,"column":12},"end":{"line":724,"column":63}},"329":{"start":{"line":725,"column":12},"end":{"line":726,"column":29}},"330":{"start":{"line":726,"column":16},"end":{"line":726,"column":29}},"331":{"start":{"line":727,"column":12},"end":{"line":727,"column":18}},"332":{"start":{"line":729,"column":12},"end":{"line":729,"column":69}},"333":{"start":{"line":730,"column":12},"end":{"line":731,"column":29}},"334":{"start":{"line":731,"column":16},"end":{"line":731,"column":29}},"335":{"start":{"line":732,"column":40},"end":{"line":732,"column":57}},"336":{"start":{"line":733,"column":12},"end":{"line":734,"column":29}},"337":{"start":{"line":734,"column":16},"end":{"line":734,"column":29}},"338":{"start":{"line":735,"column":12},"end":{"line":735,"column":127}},"339":{"start":{"line":737,"column":12},"end":{"line":737,"column":69}},"340":{"start":{"line":738,"column":12},"end":{"line":739,"column":29}},"341":{"start":{"line":739,"column":16},"end":{"line":739,"column":29}},"342":{"start":{"line":740,"column":40},"end":{"line":740,"column":57}},"343":{"start":{"line":741,"column":12},"end":{"line":742,"column":29}},"344":{"start":{"line":742,"column":16},"end":{"line":742,"column":29}},"345":{"start":{"line":743,"column":12},"end":{"line":743,"column":122}},"346":{"start":{"line":745,"column":12},"end":{"line":745,"column":87}},"347":{"start":{"line":746,"column":12},"end":{"line":747,"column":29}},"348":{"start":{"line":747,"column":16},"end":{"line":747,"column":29}},"349":{"start":{"line":748,"column":12},"end":{"line":748,"column":18}},"350":{"start":{"line":750,"column":12},"end":{"line":750,"column":71}},"351":{"start":{"line":751,"column":12},"end":{"line":752,"column":29}},"352":{"start":{"line":752,"column":16},"end":{"line":752,"column":29}},"353":{"start":{"line":753,"column":12},"end":{"line":753,"column":18}},"354":{"start":{"line":755,"column":12},"end":{"line":755,"column":72}},"355":{"start":{"line":756,"column":12},"end":{"line":757,"column":29}},"356":{"start":{"line":757,"column":16},"end":{"line":757,"column":29}},"357":{"start":{"line":758,"column":12},"end":{"line":758,"column":18}},"358":{"start":{"line":760,"column":12},"end":{"line":760,"column":63}},"359":{"start":{"line":761,"column":12},"end":{"line":762,"column":29}},"360":{"start":{"line":762,"column":16},"end":{"line":762,"column":29}},"361":{"start":{"line":763,"column":35},"end":{"line":763,"column":52}},"362":{"start":{"line":764,"column":12},"end":{"line":764,"column":49}},"363":{"start":{"line":766,"column":12},"end":{"line":766,"column":65}},"364":{"start":{"line":767,"column":12},"end":{"line":768,"column":29}},"365":{"start":{"line":768,"column":16},"end":{"line":768,"column":29}},"366":{"start":{"line":769,"column":25},"end":{"line":769,"column":47}},"367":{"start":{"line":770,"column":27},"end":{"line":770,"column":49}},"368":{"start":{"line":771,"column":12},"end":{"line":771,"column":74}},"369":{"start":{"line":773,"column":12},"end":{"line":773,"column":25}},"370":{"start":{"line":776,"column":4},"end":{"line":782,"column":5}},"371":{"start":{"line":777,"column":21},"end":{"line":777,"column":39}},"372":{"start":{"line":778,"column":8},"end":{"line":778,"column":55}},"373":{"start":{"line":781,"column":8},"end":{"line":781,"column":21}},"374":{"start":{"line":787,"column":0},"end":{"line":809,"column":2}},"375":{"start":{"line":810,"column":0},"end":{"line":810,"column":35}}},"fnMap":{"0":{"name":"(anonymous_0)","decl":{"start":{"line":34,"column":4},"end":{"line":34,"column":5}},"loc":{"start":{"line":34,"column":25},"end":{"line":41,"column":5}},"line":34},"1":{"name":"parseDate","decl":{"start":{"line":51,"column":9},"end":{"line":51,"column":18}},"loc":{"start":{"line":51,"column":40},"end":{"line":140,"column":1}},"line":51},"2":{"name":"(anonymous_2)","decl":{"start":{"line":101,"column":48},"end":{"line":101,"column":49}},"loc":{"start":{"line":101,"column":53},"end":{"line":101,"column":101}},"line":101},"3":{"name":"(anonymous_3)","decl":{"start":{"line":116,"column":48},"end":{"line":116,"column":49}},"loc":{"start":{"line":116,"column":53},"end":{"line":116,"column":101}},"line":116},"4":{"name":"formatDate","decl":{"start":{"line":148,"column":9},"end":{"line":148,"column":19}},"loc":{"start":{"line":148,"column":49},"end":{"line":184,"column":1}},"line":148},"5":{"name":"(anonymous_5)","decl":{"start":{"line":161,"column":16},"end":{"line":161,"column":17}},"loc":{"start":{"line":161,"column":25},"end":{"line":161,"column":56}},"line":161},"6":{"name":"addTime","decl":{"start":{"line":192,"column":9},"end":{"line":192,"column":16}},"loc":{"start":{"line":192,"column":37},"end":{"line":227,"column":1}},"line":192},"7":{"name":"subtractTime","decl":{"start":{"line":235,"column":9},"end":{"line":235,"column":21}},"loc":{"start":{"line":235,"column":42},"end":{"line":237,"column":1}},"line":235},"8":{"name":"getDateDiff","decl":{"start":{"line":245,"column":9},"end":{"line":245,"column":20}},"loc":{"start":{"line":245,"column":41},"end":{"line":282,"column":1}},"line":245},"9":{"name":"isBetweenDates","decl":{"start":{"line":291,"column":9},"end":{"line":291,"column":23}},"loc":{"start":{"line":291,"column":68},"end":{"line":307,"column":1}},"line":291},"10":{"name":"isValidDate","decl":{"start":{"line":314,"column":9},"end":{"line":314,"column":20}},"loc":{"start":{"line":314,"column":27},"end":{"line":317,"column":1}},"line":314},"11":{"name":"startOf","decl":{"start":{"line":324,"column":9},"end":{"line":324,"column":16}},"loc":{"start":{"line":324,"column":29},"end":{"line":357,"column":1}},"line":324},"12":{"name":"endOf","decl":{"start":{"line":364,"column":9},"end":{"line":364,"column":14}},"loc":{"start":{"line":364,"column":27},"end":{"line":399,"column":1}},"line":364},"13":{"name":"getDayOfYear","decl":{"start":{"line":405,"column":9},"end":{"line":405,"column":21}},"loc":{"start":{"line":405,"column":28},"end":{"line":414,"column":1}},"line":405},"14":{"name":"getWeekOfYear","decl":{"start":{"line":420,"column":9},"end":{"line":420,"column":22}},"loc":{"start":{"line":420,"column":29},"end":{"line":439,"column":1}},"line":420},"15":{"name":"isLeapYear","decl":{"start":{"line":445,"column":9},"end":{"line":445,"column":19}},"loc":{"start":{"line":445,"column":26},"end":{"line":458,"column":1}},"line":445},"16":{"name":"getDaysInMonth","decl":{"start":{"line":464,"column":9},"end":{"line":464,"column":23}},"loc":{"start":{"line":464,"column":30},"end":{"line":470,"column":1}},"line":464},"17":{"name":"getRelativeTime","decl":{"start":{"line":477,"column":9},"end":{"line":477,"column":24}},"loc":{"start":{"line":477,"column":54},"end":{"line":519,"column":1}},"line":477},"18":{"name":"(anonymous_18)","decl":{"start":{"line":488,"column":19},"end":{"line":488,"column":20}},"loc":{"start":{"line":488,"column":36},"end":{"line":491,"column":5}},"line":488},"19":{"name":"getTimezoneOffset","decl":{"start":{"line":525,"column":9},"end":{"line":525,"column":26}},"loc":{"start":{"line":525,"column":46},"end":{"line":531,"column":1}},"line":525},"20":{"name":"createDate","decl":{"start":{"line":543,"column":9},"end":{"line":543,"column":19}},"loc":{"start":{"line":543,"column":93},"end":{"line":558,"column":1}},"line":543},"21":{"name":"(anonymous_21)","decl":{"start":{"line":569,"column":4},"end":{"line":569,"column":5}},"loc":{"start":{"line":569,"column":34},"end":{"line":577,"column":5}},"line":569},"22":{"name":"(anonymous_22)","decl":{"start":{"line":583,"column":4},"end":{"line":583,"column":5}},"loc":{"start":{"line":583,"column":26},"end":{"line":585,"column":5}},"line":583},"23":{"name":"(anonymous_23)","decl":{"start":{"line":591,"column":4},"end":{"line":591,"column":5}},"loc":{"start":{"line":591,"column":29},"end":{"line":597,"column":5}},"line":591},"24":{"name":"(anonymous_24)","decl":{"start":{"line":601,"column":4},"end":{"line":601,"column":5}},"loc":{"start":{"line":601,"column":15},"end":{"line":603,"column":5}},"line":601},"25":{"name":"(anonymous_25)","decl":{"start":{"line":607,"column":4},"end":{"line":607,"column":5}},"loc":{"start":{"line":607,"column":16},"end":{"line":609,"column":5}},"line":607},"26":{"name":"(anonymous_26)","decl":{"start":{"line":613,"column":4},"end":{"line":613,"column":5}},"loc":{"start":{"line":613,"column":14},"end":{"line":615,"column":5}},"line":613},"27":{"name":"(anonymous_27)","decl":{"start":{"line":620,"column":4},"end":{"line":620,"column":5}},"loc":{"start":{"line":620,"column":13},"end":{"line":622,"column":5}},"line":620},"28":{"name":"(anonymous_28)","decl":{"start":{"line":627,"column":4},"end":{"line":627,"column":5}},"loc":{"start":{"line":627,"column":15},"end":{"line":629,"column":5}},"line":627},"29":{"name":"(anonymous_29)","decl":{"start":{"line":636,"column":4},"end":{"line":636,"column":5}},"loc":{"start":{"line":636,"column":22},"end":{"line":639,"column":5}},"line":636},"30":{"name":"(anonymous_30)","decl":{"start":{"line":645,"column":4},"end":{"line":645,"column":5}},"loc":{"start":{"line":645,"column":18},"end":{"line":649,"column":5}},"line":645},"31":{"name":"(anonymous_31)","decl":{"start":{"line":655,"column":4},"end":{"line":655,"column":5}},"loc":{"start":{"line":655,"column":19},"end":{"line":663,"column":5}},"line":655},"32":{"name":"(anonymous_32)","decl":{"start":{"line":669,"column":4},"end":{"line":669,"column":5}},"loc":{"start":{"line":669,"column":20},"end":{"line":671,"column":5}},"line":669},"33":{"name":"(anonymous_33)","decl":{"start":{"line":677,"column":4},"end":{"line":677,"column":5}},"loc":{"start":{"line":677,"column":19},"end":{"line":679,"column":5}},"line":677},"34":{"name":"utcNow","decl":{"start":{"line":686,"column":9},"end":{"line":686,"column":15}},"loc":{"start":{"line":686,"column":18},"end":{"line":689,"column":1}},"line":686},"35":{"name":"toUTC","decl":{"start":{"line":695,"column":9},"end":{"line":695,"column":14}},"loc":{"start":{"line":695,"column":21},"end":{"line":701,"column":1}},"line":695},"36":{"name":"getTimezoneString","decl":{"start":{"line":706,"column":9},"end":{"line":706,"column":26}},"loc":{"start":{"line":706,"column":29},"end":{"line":713,"column":1}},"line":706},"37":{"name":"validateDateFormat","decl":{"start":{"line":720,"column":9},"end":{"line":720,"column":27}},"loc":{"start":{"line":720,"column":45},"end":{"line":783,"column":1}},"line":720}},"branchMap":{"0":{"loc":{"start":{"line":38,"column":8},"end":{"line":40,"column":9}},"type":"if","locations":[{"start":{"line":38,"column":8},"end":{"line":40,"column":9}},{"start":{"line":38,"column":8},"end":{"line":40,"column":9}}],"line":38},"1":{"loc":{"start":{"line":51,"column":26},"end":{"line":51,"column":38}},"type":"default-arg","locations":[{"start":{"line":51,"column":36},"end":{"line":51,"column":38}}],"line":51},"2":{"loc":{"start":{"line":52,"column":12},"end":{"line":52,"column":30}},"type":"default-arg","locations":[{"start":{"line":52,"column":25},"end":{"line":52,"column":30}}],"line":52},"3":{"loc":{"start":{"line":52,"column":32},"end":{"line":52,"column":47}},"type":"default-arg","locations":[{"start":{"line":52,"column":43},"end":{"line":52,"column":47}}],"line":52},"4":{"loc":{"start":{"line":54,"column":8},"end":{"line":59,"column":9}},"type":"if","locations":[{"start":{"line":54,"column":8},"end":{"line":59,"column":9}},{"start":{"line":54,"column":8},"end":{"line":59,"column":9}}],"line":54},"5":{"loc":{"start":{"line":56,"column":12},"end":{"line":57,"column":63}},"type":"if","locations":[{"start":{"line":56,"column":12},"end":{"line":57,"column":63}},{"start":{"line":56,"column":12},"end":{"line":57,"column":63}}],"line":56},"6":{"loc":{"start":{"line":60,"column":8},"end":{"line":65,"column":9}},"type":"if","locations":[{"start":{"line":60,"column":8},"end":{"line":65,"column":9}},{"start":{"line":60,"column":8},"end":{"line":65,"column":9}}],"line":60},"7":{"loc":{"start":{"line":62,"column":12},"end":{"line":63,"column":71}},"type":"if","locations":[{"start":{"line":62,"column":12},"end":{"line":63,"column":71}},{"start":{"line":62,"column":12},"end":{"line":63,"column":71}}],"line":62},"8":{"loc":{"start":{"line":66,"column":8},"end":{"line":68,"column":9}},"type":"if","locations":[{"start":{"line":66,"column":8},"end":{"line":68,"column":9}},{"start":{"line":66,"column":8},"end":{"line":68,"column":9}}],"line":66},"9":{"loc":{"start":{"line":76,"column":8},"end":{"line":93,"column":9}},"type":"if","locations":[{"start":{"line":76,"column":8},"end":{"line":93,"column":9}},{"start":{"line":76,"column":8},"end":{"line":93,"column":9}}],"line":76},"10":{"loc":{"start":{"line":83,"column":12},"end":{"line":85,"column":13}},"type":"if","locations":[{"start":{"line":83,"column":12},"end":{"line":85,"column":13}},{"start":{"line":83,"column":12},"end":{"line":85,"column":13}}],"line":83},"11":{"loc":{"start":{"line":83,"column":16},"end":{"line":83,"column":102}},"type":"binary-expr","locations":[{"start":{"line":83,"column":16},"end":{"line":83,"column":43}},{"start":{"line":83,"column":47},"end":{"line":83,"column":76}},{"start":{"line":83,"column":80},"end":{"line":83,"column":102}}],"line":83},"12":{"loc":{"start":{"line":90,"column":12},"end":{"line":92,"column":13}},"type":"if","locations":[{"start":{"line":90,"column":12},"end":{"line":92,"column":13}},{"start":{"line":90,"column":12},"end":{"line":92,"column":13}}],"line":90},"13":{"loc":{"start":{"line":90,"column":16},"end":{"line":90,"column":117}},"type":"binary-expr","locations":[{"start":{"line":90,"column":16},"end":{"line":90,"column":46}},{"start":{"line":90,"column":50},"end":{"line":90,"column":85}},{"start":{"line":90,"column":89},"end":{"line":90,"column":117}}],"line":90},"14":{"loc":{"start":{"line":97,"column":8},"end":{"line":108,"column":9}},"type":"if","locations":[{"start":{"line":97,"column":8},"end":{"line":108,"column":9}},{"start":{"line":97,"column":8},"end":{"line":108,"column":9}}],"line":97},"15":{"loc":{"start":{"line":102,"column":12},"end":{"line":107,"column":13}},"type":"if","locations":[{"start":{"line":102,"column":12},"end":{"line":107,"column":13}},{"start":{"line":102,"column":12},"end":{"line":107,"column":13}}],"line":102},"16":{"loc":{"start":{"line":104,"column":16},"end":{"line":106,"column":17}},"type":"if","locations":[{"start":{"line":104,"column":16},"end":{"line":106,"column":17}},{"start":{"line":104,"column":16},"end":{"line":106,"column":17}}],"line":104},"17":{"loc":{"start":{"line":104,"column":20},"end":{"line":104,"column":107}},"type":"binary-expr","locations":[{"start":{"line":104,"column":20},"end":{"line":104,"column":47}},{"start":{"line":104,"column":51},"end":{"line":104,"column":81}},{"start":{"line":104,"column":85},"end":{"line":104,"column":107}}],"line":104},"18":{"loc":{"start":{"line":112,"column":8},"end":{"line":123,"column":9}},"type":"if","locations":[{"start":{"line":112,"column":8},"end":{"line":123,"column":9}},{"start":{"line":112,"column":8},"end":{"line":123,"column":9}}],"line":112},"19":{"loc":{"start":{"line":117,"column":12},"end":{"line":122,"column":13}},"type":"if","locations":[{"start":{"line":117,"column":12},"end":{"line":122,"column":13}},{"start":{"line":117,"column":12},"end":{"line":122,"column":13}}],"line":117},"20":{"loc":{"start":{"line":119,"column":16},"end":{"line":121,"column":17}},"type":"if","locations":[{"start":{"line":119,"column":16},"end":{"line":121,"column":17}},{"start":{"line":119,"column":16},"end":{"line":121,"column":17}}],"line":119},"21":{"loc":{"start":{"line":119,"column":20},"end":{"line":119,"column":107}},"type":"binary-expr","locations":[{"start":{"line":119,"column":20},"end":{"line":119,"column":47}},{"start":{"line":119,"column":51},"end":{"line":119,"column":81}},{"start":{"line":119,"column":85},"end":{"line":119,"column":107}}],"line":119},"22":{"loc":{"start":{"line":126,"column":8},"end":{"line":131,"column":9}},"type":"if","locations":[{"start":{"line":126,"column":8},"end":{"line":131,"column":9}},{"start":{"line":126,"column":8},"end":{"line":131,"column":9}}],"line":126},"23":{"loc":{"start":{"line":128,"column":12},"end":{"line":130,"column":13}},"type":"if","locations":[{"start":{"line":128,"column":12},"end":{"line":130,"column":13}},{"start":{"line":128,"column":12},"end":{"line":130,"column":13}}],"line":128},"24":{"loc":{"start":{"line":128,"column":16},"end":{"line":128,"column":107}},"type":"binary-expr","locations":[{"start":{"line":128,"column":16},"end":{"line":128,"column":46}},{"start":{"line":128,"column":50},"end":{"line":128,"column":79}},{"start":{"line":128,"column":83},"end":{"line":128,"column":107}}],"line":128},"25":{"loc":{"start":{"line":135,"column":8},"end":{"line":137,"column":9}},"type":"if","locations":[{"start":{"line":135,"column":8},"end":{"line":137,"column":9}},{"start":{"line":135,"column":8},"end":{"line":137,"column":9}}],"line":135},"26":{"loc":{"start":{"line":136,"column":18},"end":{"line":136,"column":110}},"type":"cond-expr","locations":[{"start":{"line":136,"column":51},"end":{"line":136,"column":56}},{"start":{"line":136,"column":59},"end":{"line":136,"column":110}}],"line":136},"27":{"loc":{"start":{"line":148,"column":26},"end":{"line":148,"column":47}},"type":"default-arg","locations":[{"start":{"line":148,"column":35},"end":{"line":148,"column":47}}],"line":148},"28":{"loc":{"start":{"line":150,"column":4},"end":{"line":152,"column":5}},"type":"if","locations":[{"start":{"line":150,"column":4},"end":{"line":152,"column":5}},{"start":{"line":150,"column":4},"end":{"line":152,"column":5}}],"line":150},"29":{"loc":{"start":{"line":157,"column":20},"end":{"line":157,"column":38}},"type":"binary-expr","locations":[{"start":{"line":157,"column":20},"end":{"line":157,"column":32}},{"start":{"line":157,"column":36},"end":{"line":157,"column":38}}],"line":157},"30":{"loc":{"start":{"line":160,"column":17},"end":{"line":160,"column":44}},"type":"cond-expr","locations":[{"start":{"line":160,"column":33},"end":{"line":160,"column":37}},{"start":{"line":160,"column":40},"end":{"line":160,"column":44}}],"line":160},"31":{"loc":{"start":{"line":164,"column":4},"end":{"line":183,"column":5}},"type":"switch","locations":[{"start":{"line":165,"column":8},"end":{"line":166,"column":55}},{"start":{"line":167,"column":8},"end":{"line":168,"column":55}},{"start":{"line":169,"column":8},"end":{"line":170,"column":55}},{"start":{"line":171,"column":8},"end":{"line":172,"column":103}},{"start":{"line":173,"column":8},"end":{"line":174,"column":76}},{"start":{"line":175,"column":8},"end":{"line":176,"column":77}},{"start":{"line":177,"column":8},"end":{"line":178,"column":69}},{"start":{"line":179,"column":8},"end":{"line":180,"column":61}},{"start":{"line":181,"column":8},"end":{"line":182,"column":74}}],"line":164},"32":{"loc":{"start":{"line":194,"column":4},"end":{"line":196,"column":5}},"type":"if","locations":[{"start":{"line":194,"column":4},"end":{"line":196,"column":5}},{"start":{"line":194,"column":4},"end":{"line":196,"column":5}}],"line":194},"33":{"loc":{"start":{"line":198,"column":4},"end":{"line":225,"column":5}},"type":"switch","locations":[{"start":{"line":199,"column":8},"end":{"line":201,"column":18}},{"start":{"line":202,"column":8},"end":{"line":204,"column":18}},{"start":{"line":205,"column":8},"end":{"line":207,"column":18}},{"start":{"line":208,"column":8},"end":{"line":210,"column":18}},{"start":{"line":211,"column":8},"end":{"line":213,"column":18}},{"start":{"line":214,"column":8},"end":{"line":216,"column":18}},{"start":{"line":217,"column":8},"end":{"line":219,"column":18}},{"start":{"line":220,"column":8},"end":{"line":222,"column":18}},{"start":{"line":223,"column":8},"end":{"line":224,"column":66}}],"line":198},"34":{"loc":{"start":{"line":248,"column":4},"end":{"line":250,"column":5}},"type":"if","locations":[{"start":{"line":248,"column":4},"end":{"line":250,"column":5}},{"start":{"line":248,"column":4},"end":{"line":250,"column":5}}],"line":248},"35":{"loc":{"start":{"line":248,"column":8},"end":{"line":248,"column":32}},"type":"binary-expr","locations":[{"start":{"line":248,"column":8},"end":{"line":248,"column":18}},{"start":{"line":248,"column":22},"end":{"line":248,"column":32}}],"line":248},"36":{"loc":{"start":{"line":252,"column":4},"end":{"line":281,"column":5}},"type":"switch","locations":[{"start":{"line":253,"column":8},"end":{"line":254,"column":26}},{"start":{"line":255,"column":8},"end":{"line":256,"column":45}},{"start":{"line":257,"column":8},"end":{"line":258,"column":52}},{"start":{"line":259,"column":8},"end":{"line":260,"column":57}},{"start":{"line":261,"column":8},"end":{"line":262,"column":62}},{"start":{"line":263,"column":8},"end":{"line":264,"column":66}},{"start":{"line":265,"column":8},"end":{"line":272,"column":9}},{"start":{"line":273,"column":8},"end":{"line":278,"column":9}},{"start":{"line":279,"column":8},"end":{"line":280,"column":66}}],"line":252},"37":{"loc":{"start":{"line":291,"column":50},"end":{"line":291,"column":66}},"type":"default-arg","locations":[{"start":{"line":291,"column":62},"end":{"line":291,"column":66}}],"line":291},"38":{"loc":{"start":{"line":295,"column":4},"end":{"line":297,"column":5}},"type":"if","locations":[{"start":{"line":295,"column":4},"end":{"line":297,"column":5}},{"start":{"line":295,"column":4},"end":{"line":297,"column":5}}],"line":295},"39":{"loc":{"start":{"line":295,"column":8},"end":{"line":295,"column":51}},"type":"binary-expr","locations":[{"start":{"line":295,"column":8},"end":{"line":295,"column":17}},{"start":{"line":295,"column":21},"end":{"line":295,"column":35}},{"start":{"line":295,"column":39},"end":{"line":295,"column":51}}],"line":295},"40":{"loc":{"start":{"line":301,"column":4},"end":{"line":306,"column":5}},"type":"if","locations":[{"start":{"line":301,"column":4},"end":{"line":306,"column":5}},{"start":{"line":301,"column":4},"end":{"line":306,"column":5}}],"line":301},"41":{"loc":{"start":{"line":302,"column":15},"end":{"line":302,"column":59}},"type":"binary-expr","locations":[{"start":{"line":302,"column":15},"end":{"line":302,"column":36}},{"start":{"line":302,"column":40},"end":{"line":302,"column":59}}],"line":302},"42":{"loc":{"start":{"line":305,"column":15},"end":{"line":305,"column":57}},"type":"binary-expr","locations":[{"start":{"line":305,"column":15},"end":{"line":305,"column":35}},{"start":{"line":305,"column":39},"end":{"line":305,"column":57}}],"line":305},"43":{"loc":{"start":{"line":326,"column":4},"end":{"line":328,"column":5}},"type":"if","locations":[{"start":{"line":326,"column":4},"end":{"line":328,"column":5}},{"start":{"line":326,"column":4},"end":{"line":328,"column":5}}],"line":326},"44":{"loc":{"start":{"line":330,"column":4},"end":{"line":355,"column":5}},"type":"switch","locations":[{"start":{"line":331,"column":8},"end":{"line":333,"column":18}},{"start":{"line":334,"column":8},"end":{"line":336,"column":18}},{"start":{"line":337,"column":8},"end":{"line":344,"column":9}},{"start":{"line":345,"column":8},"end":{"line":348,"column":18}},{"start":{"line":349,"column":8},"end":{"line":352,"column":18}},{"start":{"line":353,"column":8},"end":{"line":354,"column":78}}],"line":330},"45":{"loc":{"start":{"line":366,"column":4},"end":{"line":368,"column":5}},"type":"if","locations":[{"start":{"line":366,"column":4},"end":{"line":368,"column":5}},{"start":{"line":366,"column":4},"end":{"line":368,"column":5}}],"line":366},"46":{"loc":{"start":{"line":370,"column":4},"end":{"line":397,"column":5}},"type":"switch","locations":[{"start":{"line":371,"column":8},"end":{"line":373,"column":18}},{"start":{"line":374,"column":8},"end":{"line":376,"column":18}},{"start":{"line":377,"column":8},"end":{"line":384,"column":9}},{"start":{"line":385,"column":8},"end":{"line":390,"column":9}},{"start":{"line":391,"column":8},"end":{"line":394,"column":18}},{"start":{"line":395,"column":8},"end":{"line":396,"column":76}}],"line":370},"47":{"loc":{"start":{"line":407,"column":4},"end":{"line":409,"column":5}},"type":"if","locations":[{"start":{"line":407,"column":4},"end":{"line":409,"column":5}},{"start":{"line":407,"column":4},"end":{"line":409,"column":5}}],"line":407},"48":{"loc":{"start":{"line":422,"column":4},"end":{"line":424,"column":5}},"type":"if","locations":[{"start":{"line":422,"column":4},"end":{"line":424,"column":5}},{"start":{"line":422,"column":4},"end":{"line":424,"column":5}}],"line":422},"49":{"loc":{"start":{"line":433,"column":4},"end":{"line":435,"column":5}},"type":"if","locations":[{"start":{"line":433,"column":4},"end":{"line":435,"column":5}},{"start":{"line":433,"column":4},"end":{"line":435,"column":5}}],"line":433},"50":{"loc":{"start":{"line":447,"column":4},"end":{"line":456,"column":5}},"type":"if","locations":[{"start":{"line":447,"column":4},"end":{"line":456,"column":5}},{"start":{"line":447,"column":4},"end":{"line":456,"column":5}}],"line":447},"51":{"loc":{"start":{"line":452,"column":8},"end":{"line":454,"column":9}},"type":"if","locations":[{"start":{"line":452,"column":8},"end":{"line":454,"column":9}},{"start":{"line":452,"column":8},"end":{"line":454,"column":9}}],"line":452},"52":{"loc":{"start":{"line":457,"column":11},"end":{"line":457,"column":90}},"type":"binary-expr","locations":[{"start":{"line":457,"column":12},"end":{"line":457,"column":33}},{"start":{"line":457,"column":37},"end":{"line":457,"column":60}},{"start":{"line":457,"column":66},"end":{"line":457,"column":89}}],"line":457},"53":{"loc":{"start":{"line":466,"column":4},"end":{"line":468,"column":5}},"type":"if","locations":[{"start":{"line":466,"column":4},"end":{"line":468,"column":5}},{"start":{"line":466,"column":4},"end":{"line":468,"column":5}}],"line":466},"54":{"loc":{"start":{"line":477,"column":31},"end":{"line":477,"column":52}},"type":"default-arg","locations":[{"start":{"line":477,"column":42},"end":{"line":477,"column":52}}],"line":477},"55":{"loc":{"start":{"line":480,"column":4},"end":{"line":482,"column":5}},"type":"if","locations":[{"start":{"line":480,"column":4},"end":{"line":482,"column":5}},{"start":{"line":480,"column":4},"end":{"line":482,"column":5}}],"line":480},"56":{"loc":{"start":{"line":480,"column":8},"end":{"line":480,"column":34}},"type":"binary-expr","locations":[{"start":{"line":480,"column":8},"end":{"line":480,"column":17}},{"start":{"line":480,"column":21},"end":{"line":480,"column":34}}],"line":480},"57":{"loc":{"start":{"line":489,"column":23},"end":{"line":489,"column":45}},"type":"cond-expr","locations":[{"start":{"line":489,"column":37},"end":{"line":489,"column":40}},{"start":{"line":489,"column":43},"end":{"line":489,"column":45}}],"line":489},"58":{"loc":{"start":{"line":490,"column":15},"end":{"line":490,"column":88}},"type":"cond-expr","locations":[{"start":{"line":490,"column":24},"end":{"line":490,"column":55}},{"start":{"line":490,"column":58},"end":{"line":490,"column":88}}],"line":490},"59":{"loc":{"start":{"line":493,"column":4},"end":{"line":494,"column":26}},"type":"if","locations":[{"start":{"line":493,"column":4},"end":{"line":494,"column":26}},{"start":{"line":493,"column":4},"end":{"line":494,"column":26}}],"line":493},"60":{"loc":{"start":{"line":495,"column":4},"end":{"line":496,"column":46}},"type":"if","locations":[{"start":{"line":495,"column":4},"end":{"line":496,"column":46}},{"start":{"line":495,"column":4},"end":{"line":496,"column":46}}],"line":495},"61":{"loc":{"start":{"line":497,"column":4},"end":{"line":498,"column":63}},"type":"if","locations":[{"start":{"line":497,"column":4},"end":{"line":498,"column":63}},{"start":{"line":497,"column":4},"end":{"line":498,"column":63}}],"line":497},"62":{"loc":{"start":{"line":499,"column":4},"end":{"line":500,"column":63}},"type":"if","locations":[{"start":{"line":499,"column":4},"end":{"line":500,"column":63}},{"start":{"line":499,"column":4},"end":{"line":500,"column":63}}],"line":499},"63":{"loc":{"start":{"line":501,"column":4},"end":{"line":502,"column":63}},"type":"if","locations":[{"start":{"line":501,"column":4},"end":{"line":502,"column":63}},{"start":{"line":501,"column":4},"end":{"line":502,"column":63}}],"line":501},"64":{"loc":{"start":{"line":503,"column":4},"end":{"line":504,"column":65}},"type":"if","locations":[{"start":{"line":503,"column":4},"end":{"line":504,"column":65}},{"start":{"line":503,"column":4},"end":{"line":504,"column":65}}],"line":503},"65":{"loc":{"start":{"line":512,"column":4},"end":{"line":514,"column":5}},"type":"if","locations":[{"start":{"line":512,"column":4},"end":{"line":514,"column":5}},{"start":{"line":512,"column":4},"end":{"line":514,"column":5}}],"line":512},"66":{"loc":{"start":{"line":515,"column":4},"end":{"line":517,"column":5}},"type":"if","locations":[{"start":{"line":515,"column":4},"end":{"line":517,"column":5}},{"start":{"line":515,"column":4},"end":{"line":517,"column":5}}],"line":515},"67":{"loc":{"start":{"line":525,"column":27},"end":{"line":525,"column":44}},"type":"default-arg","locations":[{"start":{"line":525,"column":34},"end":{"line":525,"column":44}}],"line":525},"68":{"loc":{"start":{"line":527,"column":4},"end":{"line":529,"column":5}},"type":"if","locations":[{"start":{"line":527,"column":4},"end":{"line":529,"column":5}},{"start":{"line":527,"column":4},"end":{"line":529,"column":5}}],"line":527},"69":{"loc":{"start":{"line":543,"column":38},"end":{"line":543,"column":47}},"type":"default-arg","locations":[{"start":{"line":543,"column":46},"end":{"line":543,"column":47}}],"line":543},"70":{"loc":{"start":{"line":543,"column":49},"end":{"line":543,"column":60}},"type":"default-arg","locations":[{"start":{"line":543,"column":59},"end":{"line":543,"column":60}}],"line":543},"71":{"loc":{"start":{"line":543,"column":62},"end":{"line":543,"column":73}},"type":"default-arg","locations":[{"start":{"line":543,"column":72},"end":{"line":543,"column":73}}],"line":543},"72":{"loc":{"start":{"line":543,"column":75},"end":{"line":543,"column":91}},"type":"default-arg","locations":[{"start":{"line":543,"column":90},"end":{"line":543,"column":91}}],"line":543},"73":{"loc":{"start":{"line":545,"column":4},"end":{"line":547,"column":5}},"type":"if","locations":[{"start":{"line":545,"column":4},"end":{"line":547,"column":5}},{"start":{"line":545,"column":4},"end":{"line":547,"column":5}}],"line":545},"74":{"loc":{"start":{"line":545,"column":8},"end":{"line":545,"column":31}},"type":"binary-expr","locations":[{"start":{"line":545,"column":8},"end":{"line":545,"column":17}},{"start":{"line":545,"column":21},"end":{"line":545,"column":31}}],"line":545},"75":{"loc":{"start":{"line":550,"column":4},"end":{"line":552,"column":5}},"type":"if","locations":[{"start":{"line":550,"column":4},"end":{"line":552,"column":5}},{"start":{"line":550,"column":4},"end":{"line":552,"column":5}}],"line":550},"76":{"loc":{"start":{"line":554,"column":4},"end":{"line":556,"column":5}},"type":"if","locations":[{"start":{"line":554,"column":4},"end":{"line":556,"column":5}},{"start":{"line":554,"column":4},"end":{"line":556,"column":5}}],"line":554},"77":{"loc":{"start":{"line":593,"column":8},"end":{"line":595,"column":9}},"type":"if","locations":[{"start":{"line":593,"column":8},"end":{"line":595,"column":9}},{"start":{"line":593,"column":8},"end":{"line":595,"column":9}}],"line":593},"78":{"loc":{"start":{"line":646,"column":16},"end":{"line":648,"column":36}},"type":"binary-expr","locations":[{"start":{"line":646,"column":16},"end":{"line":646,"column":42}},{"start":{"line":647,"column":12},"end":{"line":647,"column":40}},{"start":{"line":648,"column":12},"end":{"line":648,"column":36}}],"line":646},"79":{"loc":{"start":{"line":656,"column":8},"end":{"line":658,"column":9}},"type":"if","locations":[{"start":{"line":656,"column":8},"end":{"line":658,"column":9}},{"start":{"line":656,"column":8},"end":{"line":658,"column":9}}],"line":656},"80":{"loc":{"start":{"line":659,"column":8},"end":{"line":661,"column":9}},"type":"if","locations":[{"start":{"line":659,"column":8},"end":{"line":661,"column":9}},{"start":{"line":659,"column":8},"end":{"line":661,"column":9}}],"line":659},"81":{"loc":{"start":{"line":697,"column":4},"end":{"line":699,"column":5}},"type":"if","locations":[{"start":{"line":697,"column":4},"end":{"line":699,"column":5}},{"start":{"line":697,"column":4},"end":{"line":699,"column":5}}],"line":697},"82":{"loc":{"start":{"line":708,"column":17},"end":{"line":708,"column":40}},"type":"cond-expr","locations":[{"start":{"line":708,"column":31},"end":{"line":708,"column":34}},{"start":{"line":708,"column":37},"end":{"line":708,"column":40}}],"line":708},"83":{"loc":{"start":{"line":722,"column":4},"end":{"line":774,"column":5}},"type":"switch","locations":[{"start":{"line":723,"column":8},"end":{"line":727,"column":18}},{"start":{"line":728,"column":8},"end":{"line":735,"column":127}},{"start":{"line":736,"column":8},"end":{"line":743,"column":122}},{"start":{"line":744,"column":8},"end":{"line":748,"column":18}},{"start":{"line":749,"column":8},"end":{"line":753,"column":18}},{"start":{"line":754,"column":8},"end":{"line":758,"column":18}},{"start":{"line":759,"column":8},"end":{"line":764,"column":49}},{"start":{"line":765,"column":8},"end":{"line":771,"column":74}},{"start":{"line":772,"column":8},"end":{"line":773,"column":25}}],"line":722},"84":{"loc":{"start":{"line":725,"column":12},"end":{"line":726,"column":29}},"type":"if","locations":[{"start":{"line":725,"column":12},"end":{"line":726,"column":29}},{"start":{"line":725,"column":12},"end":{"line":726,"column":29}}],"line":725},"85":{"loc":{"start":{"line":730,"column":12},"end":{"line":731,"column":29}},"type":"if","locations":[{"start":{"line":730,"column":12},"end":{"line":731,"column":29}},{"start":{"line":730,"column":12},"end":{"line":731,"column":29}}],"line":730},"86":{"loc":{"start":{"line":733,"column":12},"end":{"line":734,"column":29}},"type":"if","locations":[{"start":{"line":733,"column":12},"end":{"line":734,"column":29}},{"start":{"line":733,"column":12},"end":{"line":734,"column":29}}],"line":733},"87":{"loc":{"start":{"line":733,"column":16},"end":{"line":733,"column":58}},"type":"binary-expr","locations":[{"start":{"line":733,"column":16},"end":{"line":733,"column":23}},{"start":{"line":733,"column":27},"end":{"line":733,"column":35}},{"start":{"line":733,"column":39},"end":{"line":733,"column":46}},{"start":{"line":733,"column":50},"end":{"line":733,"column":58}}],"line":733},"88":{"loc":{"start":{"line":738,"column":12},"end":{"line":739,"column":29}},"type":"if","locations":[{"start":{"line":738,"column":12},"end":{"line":739,"column":29}},{"start":{"line":738,"column":12},"end":{"line":739,"column":29}}],"line":738},"89":{"loc":{"start":{"line":741,"column":12},"end":{"line":742,"column":29}},"type":"if","locations":[{"start":{"line":741,"column":12},"end":{"line":742,"column":29}},{"start":{"line":741,"column":12},"end":{"line":742,"column":29}}],"line":741},"90":{"loc":{"start":{"line":741,"column":16},"end":{"line":741,"column":58}},"type":"binary-expr","locations":[{"start":{"line":741,"column":16},"end":{"line":741,"column":23}},{"start":{"line":741,"column":27},"end":{"line":741,"column":35}},{"start":{"line":741,"column":39},"end":{"line":741,"column":46}},{"start":{"line":741,"column":50},"end":{"line":741,"column":58}}],"line":741},"91":{"loc":{"start":{"line":746,"column":12},"end":{"line":747,"column":29}},"type":"if","locations":[{"start":{"line":746,"column":12},"end":{"line":747,"column":29}},{"start":{"line":746,"column":12},"end":{"line":747,"column":29}}],"line":746},"92":{"loc":{"start":{"line":751,"column":12},"end":{"line":752,"column":29}},"type":"if","locations":[{"start":{"line":751,"column":12},"end":{"line":752,"column":29}},{"start":{"line":751,"column":12},"end":{"line":752,"column":29}}],"line":751},"93":{"loc":{"start":{"line":756,"column":12},"end":{"line":757,"column":29}},"type":"if","locations":[{"start":{"line":756,"column":12},"end":{"line":757,"column":29}},{"start":{"line":756,"column":12},"end":{"line":757,"column":29}}],"line":756},"94":{"loc":{"start":{"line":761,"column":12},"end":{"line":762,"column":29}},"type":"if","locations":[{"start":{"line":761,"column":12},"end":{"line":762,"column":29}},{"start":{"line":761,"column":12},"end":{"line":762,"column":29}}],"line":761},"95":{"loc":{"start":{"line":764,"column":19},"end":{"line":764,"column":48}},"type":"binary-expr","locations":[{"start":{"line":764,"column":19},"end":{"line":764,"column":26}},{"start":{"line":764,"column":30},"end":{"line":764,"column":37}},{"start":{"line":764,"column":41},"end":{"line":764,"column":48}}],"line":764},"96":{"loc":{"start":{"line":767,"column":12},"end":{"line":768,"column":29}},"type":"if","locations":[{"start":{"line":767,"column":12},"end":{"line":768,"column":29}},{"start":{"line":767,"column":12},"end":{"line":768,"column":29}}],"line":767},"97":{"loc":{"start":{"line":771,"column":19},"end":{"line":771,"column":73}},"type":"binary-expr","locations":[{"start":{"line":771,"column":19},"end":{"line":771,"column":28}},{"start":{"line":771,"column":32},"end":{"line":771,"column":42}},{"start":{"line":771,"column":46},"end":{"line":771,"column":57}},{"start":{"line":771,"column":61},"end":{"line":771,"column":73}}],"line":771},"98":{"loc":{"start":{"line":778,"column":15},"end":{"line":778,"column":54}},"type":"binary-expr","locations":[{"start":{"line":778,"column":15},"end":{"line":778,"column":28}},{"start":{"line":778,"column":32},"end":{"line":778,"column":54}}],"line":778}},"s":{"0":1,"1":1,"2":1,"3":1,"4":1,"5":1,"6":1,"7":1,"8":1,"9":1,"10":1,"11":1,"12":1,"13":1,"14":1,"15":1,"16":1,"17":1,"18":1,"19":1,"20":1,"21":1,"22":0,"23":0,"24":0,"25":0,"26":1,"27":0,"28":0,"29":0,"30":0,"31":0,"32":0,"33":0,"34":0,"35":0,"36":0,"37":0,"38":0,"39":0,"40":0,"41":0,"42":0,"43":0,"44":0,"45":0,"46":0,"47":0,"48":0,"49":0,"50":0,"51":0,"52":0,"53":0,"54":0,"55":0,"56":0,"57":0,"58":0,"59":0,"60":0,"61":0,"62":0,"63":0,"64":0,"65":0,"66":0,"67":0,"68":0,"69":0,"70":0,"71":0,"72":0,"73":0,"74":0,"75":0,"76":0,"77":0,"78":0,"79":0,"80":0,"81":0,"82":0,"83":0,"84":0,"85":0,"86":0,"87":0,"88":0,"89":0,"90":0,"91":0,"92":0,"93":0,"94":0,"95":0,"96":0,"97":0,"98":0,"99":0,"100":0,"101":0,"102":0,"103":0,"104":0,"105":0,"106":0,"107":0,"108":0,"109":0,"110":0,"111":0,"112":0,"113":0,"114":0,"115":0,"116":0,"117":0,"118":0,"119":0,"120":0,"121":0,"122":0,"123":0,"124":0,"125":0,"126":0,"127":0,"128":0,"129":0,"130":0,"131":0,"132":0,"133":0,"134":0,"135":0,"136":0,"137":0,"138":0,"139":0,"140":0,"141":0,"142":0,"143":0,"144":0,"145":0,"146":0,"147":0,"148":0,"149":0,"150":0,"151":0,"152":0,"153":0,"154":0,"155":0,"156":0,"157":0,"158":0,"159":0,"160":0,"161":0,"162":0,"163":0,"164":0,"165":0,"166":0,"167":0,"168":0,"169":0,"170":0,"171":0,"172":0,"173":0,"174":0,"175":0,"176":0,"177":0,"178":0,"179":0,"180":0,"181":0,"182":0,"183":0,"184":0,"185":0,"186":0,"187":0,"188":0,"189":0,"190":0,"191":0,"192":0,"193":0,"194":0,"195":0,"196":0,"197":0,"198":0,"199":0,"200":0,"201":0,"202":0,"203":0,"204":0,"205":0,"206":0,"207":0,"208":0,"209":0,"210":0,"211":0,"212":0,"213":0,"214":0,"215":0,"216":0,"217":0,"218":0,"219":0,"220":0,"221":0,"222":0,"223":0,"224":0,"225":0,"226":0,"227":0,"228":0,"229":0,"230":0,"231":0,"232":0,"233":0,"234":0,"235":0,"236":0,"237":0,"238":0,"239":0,"240":0,"241":0,"242":0,"243":0,"244":0,"245":0,"246":0,"247":0,"248":0,"249":0,"250":0,"251":0,"252":0,"253":0,"254":0,"255":0,"256":0,"257":0,"258":0,"259":0,"260":0,"261":0,"262":0,"263":0,"264":0,"265":0,"266":0,"267":0,"268":0,"269":0,"270":0,"271":0,"272":0,"273":0,"274":0,"275":0,"276":0,"277":0,"278":0,"279":0,"280":0,"281":0,"282":0,"283":0,"284":0,"285":0,"286":0,"287":0,"288":0,"289":0,"290":0,"291":0,"292":0,"293":0,"294":0,"295":0,"296":0,"297":0,"298":0,"299":0,"300":0,"301":0,"302":0,"303":0,"304":0,"305":0,"306":0,"307":0,"308":0,"309":0,"310":0,"311":0,"312":0,"313":0,"314":1,"315":0,"316":0,"317":0,"318":0,"319":0,"320":0,"321":3,"322":3,"323":3,"324":3,"325":3,"326":3,"327":0,"328":0,"329":0,"330":0,"331":0,"332":0,"333":0,"334":0,"335":0,"336":0,"337":0,"338":0,"339":0,"340":0,"341":0,"342":0,"343":0,"344":0,"345":0,"346":0,"347":0,"348":0,"349":0,"350":0,"351":0,"352":0,"353":0,"354":0,"355":0,"356":0,"357":0,"358":0,"359":0,"360":0,"361":0,"362":0,"363":0,"364":0,"365":0,"366":0,"367":0,"368":0,"369":0,"370":0,"371":0,"372":0,"373":0,"374":1,"375":1},"f":{"0":0,"1":0,"2":0,"3":0,"4":0,"5":0,"6":0,"7":0,"8":0,"9":0,"10":0,"11":0,"12":0,"13":0,"14":0,"15":0,"16":0,"17":0,"18":0,"19":0,"20":0,"21":0,"22":0,"23":0,"24":0,"25":0,"26":0,"27":0,"28":0,"29":0,"30":0,"31":0,"32":0,"33":0,"34":0,"35":0,"36":3,"37":0},"b":{"0":[0,0],"1":[0],"2":[0],"3":[0],"4":[0,0],"5":[0,0],"6":[0,0],"7":[0,0],"8":[0,0],"9":[0,0],"10":[0,0],"11":[0,0,0],"12":[0,0],"13":[0,0,0],"14":[0,0],"15":[0,0],"16":[0,0],"17":[0,0,0],"18":[0,0],"19":[0,0],"20":[0,0],"21":[0,0,0],"22":[0,0],"23":[0,0],"24":[0,0,0],"25":[0,0],"26":[0,0],"27":[0],"28":[0,0],"29":[0,0],"30":[0,0],"31":[0,0,0,0,0,0,0,0,0],"32":[0,0],"33":[0,0,0,0,0,0,0,0,0],"34":[0,0],"35":[0,0],"36":[0,0,0,0,0,0,0,0,0],"37":[0],"38":[0,0],"39":[0,0,0],"40":[0,0],"41":[0,0],"42":[0,0],"43":[0,0],"44":[0,0,0,0,0,0],"45":[0,0],"46":[0,0,0,0,0,0],"47":[0,0],"48":[0,0],"49":[0,0],"50":[0,0],"51":[0,0],"52":[0,0,0],"53":[0,0],"54":[0],"55":[0,0],"56":[0,0],"57":[0,0],"58":[0,0],"59":[0,0],"60":[0,0],"61":[0,0],"62":[0,0],"63":[0,0],"64":[0,0],"65":[0,0],"66":[0,0],"67":[0],"68":[0,0],"69":[0],"70":[0],"71":[0],"72":[0],"73":[0,0],"74":[0,0],"75":[0,0],"76":[0,0],"77":[0,0],"78":[0,0,0],"79":[0,0],"80":[0,0],"81":[0,0],"82":[3,0],"83":[0,0,0,0,0,0,0,0,0],"84":[0,0],"85":[0,0],"86":[0,0],"87":[0,0,0,0],"88":[0,0],"89":[0,0],"90":[0,0,0,0],"91":[0,0],"92":[0,0],"93":[0,0],"94":[0,0],"95":[0,0,0],"96":[0,0],"97":[0,0,0,0],"98":[0,0]},"inputSourceMap":{"version":3,"file":"/Users/mfuon/WebstormProjects/date-wise/src/index.ts","sources":["/Users/mfuon/WebstormProjects/date-wise/src/index.ts"],"names":[],"mappings":";AACA;;;;;GAKG;;;AAwDH,8BAmGC;AASD,gCAwCC;AASD,0BA0CC;AASD,oCAMC;AASD,kCA6CC;AAUD,wCAuBC;AAQD,kCAGC;AAQD,0BAuCC;AAQD,sBAyCC;AAOD,oCAUC;AAOD,sCAsBC;AAOD,gCAcC;AAOD,wCAOC;AAQD,0CAgDC;AAOD,8CAOC;AAaD,gCA2BC;AA4JD,wBAGC;AAOD,sBASC;AAMD,8CAQC;AAQD,gDAuDC;AAz2BD;;GAEG;AACH,MAAa,aAAc,SAAQ,KAAK;IACpC,YAAY,OAAe;QACvB,KAAK,CAAC,mBAAmB,OAAO,EAAE,CAAC,CAAC;QACpC,IAAI,CAAC,IAAI,GAAG,eAAe,CAAC;QAE5B,qDAAqD;QACrD,IAAI,KAAK,CAAC,iBAAiB,EAAE,CAAC;YAC1B,KAAK,CAAC,iBAAiB,CAAC,IAAI,EAAE,aAAa,CAAC,CAAC;QACjD,CAAC;IACL,CAAC;CACJ;AAVD,sCAUC;AAED;;;;;;GAMG;AACH,SAAgB,SAAS,CAAC,KAA6B,EAAE,UAA4B,EAAE;IACnF,MAAM,EAAE,UAAU,GAAG,KAAK,EAAE,QAAQ,GAAG,IAAI,EAAE,GAAG,OAAO,CAAC;IAExD,IAAI,CAAC;QACD,IAAI,KAAK,YAAY,IAAI,EAAE,CAAC;YACxB,MAAM,IAAI,GAAG,IAAI,IAAI,CAAC,KAAK,CAAC,OAAO,EAAE,CAAC,CAAC;YACvC,IAAI,KAAK,CAAC,IAAI,CAAC,OAAO,EAAE,CAAC;gBAAE,MAAM,IAAI,aAAa,CAAC,qBAAqB,CAAC,CAAC;YAC1E,OAAO,IAAI,CAAC;QAChB,CAAC;QAED,IAAI,OAAO,KAAK,KAAK,QAAQ,EAAE,CAAC;YAC5B,MAAM,IAAI,GAAG,IAAI,IAAI,CAAC,KAAK,CAAC,CAAC;YAC7B,IAAI,KAAK,CAAC,IAAI,CAAC,OAAO,EAAE,CAAC;gBAAE,MAAM,IAAI,aAAa,CAAC,sBAAsB,KAAK,EAAE,CAAC,CAAC;YAClF,OAAO,IAAI,CAAC;QAChB,CAAC;QAED,IAAI,OAAO,KAAK,KAAK,QAAQ,EAAE,CAAC;YAC5B,MAAM,IAAI,aAAa,CAAC,6BAA6B,CAAC,CAAC;QAC3D,CAAC;QAED,MAAM,MAAM,GAAG;YACX,SAAS,EAAE,UAAU,EAAE,OAAO,EAAE,OAAO,EAAE,KAAK,EAAE,MAAM;YACtD,MAAM,EAAE,QAAQ,EAAE,WAAW,EAAE,SAAS,EAAE,UAAU,EAAE,UAAU;SACnE,CAAC;QAEF,2BAA2B;QAC3B,MAAM,WAAW,GAAG,iCAAiC,CAAC;QACtD,MAAM,UAAU,GAAG,KAAK,CAAC,KAAK,CAAC,WAAW,CAAC,CAAC;QAC5C,IAAI,UAAU,EAAE,CAAC;YACb,MAAM,CAAC,EAAE,KAAK,EAAE,MAAM,EAAE,OAAO,CAAC,GAAG,UAAU,CAAC;YAC9C,MAAM,IAAI,GAAG,QAAQ,CAAC,OAAO,EAAE,EAAE,CAAC,CAAC;YAEnC,iBAAiB;YACjB,MAAM,KAAK,GAAG,QAAQ,CAAC,KAAK,EAAE,EAAE,CAAC,CAAC;YAClC,MAAM,GAAG,GAAG,QAAQ,CAAC,MAAM,EAAE,EAAE,CAAC,CAAC;YACjC,MAAM,IAAI,GAAG,IAAI,IAAI,CAAC,IAAI,EAAE,KAAK,GAAG,CAAC,EAAE,GAAG,CAAC,CAAC;YAC5C,IAAI,IAAI,CAAC,WAAW,EAAE,KAAK,IAAI,IAAI,IAAI,CAAC,QAAQ,EAAE,KAAK,KAAK,GAAG,CAAC,IAAI,IAAI,CAAC,OAAO,EAAE,KAAK,GAAG,EAAE,CAAC;gBACzF,OAAO,IAAI,CAAC;YAChB,CAAC;YAED,0BAA0B;YAC1B,MAAM,MAAM,GAAG,KAAK,CAAC;YACrB,MAAM,QAAQ,GAAG,GAAG,CAAC;YACrB,MAAM,OAAO,GAAG,IAAI,IAAI,CAAC,IAAI,EAAE,QAAQ,GAAG,CAAC,EAAE,MAAM,CAAC,CAAC;YACrD,IAAI,OAAO,CAAC,WAAW,EAAE,KAAK,IAAI,IAAI,OAAO,CAAC,QAAQ,EAAE,KAAK,QAAQ,GAAG,CAAC,IAAI,OAAO,CAAC,OAAO,EAAE,KAAK,MAAM,EAAE,CAAC;gBACxG,OAAO,OAAO,CAAC;YACnB,CAAC;QACL,CAAC;QAED,cAAc;QACd,MAAM,SAAS,GAAG,wCAAwC,CAAC;QAC3D,MAAM,MAAM,GAAG,KAAK,CAAC,KAAK,CAAC,SAAS,CAAC,CAAC;QACtC,IAAI,MAAM,EAAE,CAAC;YACT,MAAM,CAAC,EAAE,MAAM,EAAE,QAAQ,EAAE,OAAO,CAAC,GAAG,MAAM,CAAC;YAC7C,MAAM,GAAG,GAAG,QAAQ,CAAC,MAAM,EAAE,EAAE,CAAC,CAAC;YACjC,MAAM,IAAI,GAAG,QAAQ,CAAC,OAAO,EAAE,EAAE,CAAC,CAAC;YACnC,MAAM,UAAU,GAAG,MAAM,CAAC,SAAS,CAAC,CAAC,CAAC,EAAE,CAAC,CAAC,CAAC,UAAU,CAAC,QAAQ,CAAC,WAAW,EAAE,CAAC,KAAK,CAAC,CAAC,EAAE,CAAC,CAAC,CAAC,CAAC,CAAC;YAE3F,IAAI,UAAU,KAAK,CAAC,CAAC,EAAE,CAAC;gBACpB,MAAM,IAAI,GAAG,IAAI,IAAI,CAAC,IAAI,EAAE,UAAU,EAAE,GAAG,CAAC,CAAC;gBAC7C,IAAI,IAAI,CAAC,WAAW,EAAE,KAAK,IAAI,IAAI,IAAI,CAAC,QAAQ,EAAE,KAAK,UAAU,IAAI,IAAI,CAAC,OAAO,EAAE,KAAK,GAAG,EAAE,CAAC;oBAC1F,OAAO,IAAI,CAAC;gBAChB,CAAC;YACL,CAAC;QACL,CAAC;QAED,eAAe;QACf,MAAM,SAAS,GAAG,8CAA8C,CAAC;QACjE,MAAM,MAAM,GAAG,KAAK,CAAC,KAAK,CAAC,SAAS,CAAC,CAAC;QACtC,IAAI,MAAM,EAAE,CAAC;YACT,MAAM,CAAC,EAAE,QAAQ,EAAE,MAAM,EAAE,OAAO,CAAC,GAAG,MAAM,CAAC;YAC7C,MAAM,GAAG,GAAG,QAAQ,CAAC,MAAM,EAAE,EAAE,CAAC,CAAC;YACjC,MAAM,IAAI,GAAG,QAAQ,CAAC,OAAO,EAAE,EAAE,CAAC,CAAC;YACnC,MAAM,UAAU,GAAG,MAAM,CAAC,SAAS,CAAC,CAAC,CAAC,EAAE,CAAC,CAAC,CAAC,UAAU,CAAC,QAAQ,CAAC,WAAW,EAAE,CAAC,KAAK,CAAC,CAAC,EAAE,CAAC,CAAC,CAAC,CAAC,CAAC;YAE3F,IAAI,UAAU,KAAK,CAAC,CAAC,EAAE,CAAC;gBACpB,MAAM,IAAI,GAAG,IAAI,IAAI,CAAC,IAAI,EAAE,UAAU,EAAE,GAAG,CAAC,CAAC;gBAC7C,IAAI,IAAI,CAAC,WAAW,EAAE,KAAK,IAAI,IAAI,IAAI,CAAC,QAAQ,EAAE,KAAK,UAAU,IAAI,IAAI,CAAC,OAAO,EAAE,KAAK,GAAG,EAAE,CAAC;oBAC1F,OAAO,IAAI,CAAC;gBAChB,CAAC;YACL,CAAC;QACL,CAAC;QAED,+BAA+B;QAC/B,MAAM,OAAO,GAAG,IAAI,IAAI,CAAC,KAAK,CAAC,CAAC;QAChC,IAAI,CAAC,KAAK,CAAC,OAAO,CAAC,OAAO,EAAE,CAAC,EAAE,CAAC;YAC5B,MAAM,CAAC,IAAI,EAAE,EAAE,EAAE,EAAE,CAAC,GAAG,OAAO,CAAC,WAAW,EAAE,CAAC,KAAK,CAAC,GAAG,CAAC,CAAC,CAAC,CAAC,CAAC,KAAK,CAAC,GAAG,CAAC,CAAC,GAAG,CAAC,MAAM,CAAC,CAAC;YAClF,IAAI,OAAO,CAAC,WAAW,EAAE,KAAK,IAAI,IAAI,OAAO,CAAC,QAAQ,EAAE,KAAK,EAAE,GAAG,CAAC,IAAI,OAAO,CAAC,OAAO,EAAE,KAAK,EAAE,EAAE,CAAC;gBAC9F,OAAO,OAAO,CAAC;YACnB,CAAC;QACL,CAAC;QAED,MAAM,IAAI,aAAa,CAAC,yBAAyB,KAAK,EAAE,CAAC,CAAC;IAC9D,CAAC;IAAC,OAAO,KAAK,EAAE,CAAC;QACb,IAAI,UAAU,EAAE,CAAC;YACb,MAAM,KAAK,YAAY,aAAa,CAAC,CAAC,CAAC,KAAK,CAAC,CAAC,CAAC,IAAI,aAAa,CAAC,yBAAyB,KAAK,EAAE,CAAC,CAAC;QACvG,CAAC;QACD,OAAO,QAAQ,CAAC;IACpB,CAAC;AACL,CAAC;AAED;;;;;;GAMG;AACH,SAAgB,UAAU,CAAC,IAA4B,EAAE,SAAqB,YAAY;IACtF,MAAM,QAAQ,GAAG,SAAS,CAAC,IAAI,EAAE,EAAE,UAAU,EAAE,IAAI,EAAE,CAAC,CAAC;IACvD,IAAI,CAAC,QAAQ,EAAE,CAAC;QACZ,MAAM,IAAI,aAAa,CAAC,qCAAqC,CAAC,CAAC;IACnE,CAAC;IAED,MAAM,IAAI,GAAG,QAAQ,CAAC,WAAW,EAAE,CAAC;IACpC,MAAM,KAAK,GAAG,QAAQ,CAAC,QAAQ,EAAE,GAAG,CAAC,CAAC;IACtC,MAAM,GAAG,GAAG,QAAQ,CAAC,OAAO,EAAE,CAAC;IAC/B,MAAM,OAAO,GAAG,QAAQ,CAAC,QAAQ,EAAE,CAAC;IACpC,MAAM,OAAO,GAAG,OAAO,GAAG,EAAE,IAAI,EAAE,CAAC;IACnC,MAAM,OAAO,GAAG,QAAQ,CAAC,UAAU,EAAE,CAAC;IACtC,MAAM,OAAO,GAAG,QAAQ,CAAC,UAAU,EAAE,CAAC;IACtC,MAAM,IAAI,GAAG,OAAO,IAAI,EAAE,CAAC,CAAC,CAAC,IAAI,CAAC,CAAC,CAAC,IAAI,CAAC;IAEzC,MAAM,GAAG,GAAG,CAAC,GAAW,EAAU,EAAE,CAAC,GAAG,CAAC,QAAQ,EAAE,CAAC,QAAQ,CAAC,CAAC,EAAE,GAAG,CAAC,CAAC;IAErE,MAAM,UAAU,GAAG,CAAC,KAAK,EAAE,KAAK,EAAE,KAAK,EAAE,KAAK,EAAE,KAAK,EAAE,KAAK;QACxD,KAAK,EAAE,KAAK,EAAE,KAAK,EAAE,KAAK,EAAE,KAAK,EAAE,KAAK,CAAC,CAAC;IAE9C,QAAQ,MAAM,EAAE,CAAC;QACb,KAAK,YAAY;YACb,OAAO,GAAG,IAAI,IAAI,GAAG,CAAC,KAAK,CAAC,IAAI,GAAG,CAAC,GAAG,CAAC,EAAE,CAAC;QAC/C,KAAK,YAAY;YACb,OAAO,GAAG,GAAG,CAAC,KAAK,CAAC,IAAI,GAAG,CAAC,GAAG,CAAC,IAAI,IAAI,EAAE,CAAC;QAC/C,KAAK,YAAY;YACb,OAAO,GAAG,GAAG,CAAC,GAAG,CAAC,IAAI,GAAG,CAAC,KAAK,CAAC,IAAI,IAAI,EAAE,CAAC;QAC/C,KAAK,qBAAqB;YACtB,OAAO,GAAG,IAAI,IAAI,GAAG,CAAC,KAAK,CAAC,IAAI,GAAG,CAAC,GAAG,CAAC,IAAI,GAAG,CAAC,OAAO,CAAC,IAAI,GAAG,CAAC,OAAO,CAAC,IAAI,GAAG,CAAC,OAAO,CAAC,EAAE,CAAC;QAC/F,KAAK,aAAa;YACd,OAAO,GAAG,GAAG,CAAC,GAAG,CAAC,IAAI,UAAU,CAAC,QAAQ,CAAC,QAAQ,EAAE,CAAC,IAAI,IAAI,EAAE,CAAC;QACpE,KAAK,cAAc;YACf,OAAO,GAAG,UAAU,CAAC,QAAQ,CAAC,QAAQ,EAAE,CAAC,IAAI,GAAG,CAAC,GAAG,CAAC,KAAK,IAAI,EAAE,CAAC;QACrE,KAAK,UAAU;YACX,OAAO,GAAG,GAAG,CAAC,OAAO,CAAC,IAAI,GAAG,CAAC,OAAO,CAAC,IAAI,GAAG,CAAC,OAAO,CAAC,EAAE,CAAC;QAC7D,KAAK,SAAS;YACV,OAAO,GAAG,GAAG,CAAC,OAAO,CAAC,IAAI,GAAG,CAAC,OAAO,CAAC,IAAI,IAAI,EAAE,CAAC;QACrD;YACI,MAAM,IAAI,aAAa,CAAC,4BAA4B,MAAM,EAAE,CAAC,CAAC;IACtE,CAAC;AACL,CAAC;AAED;;;;;;GAMG;AACH,SAAgB,OAAO,CACnB,IAA4B,EAC5B,MAAc,EACd,IAAc;IAEd,MAAM,QAAQ,GAAG,SAAS,CAAC,IAAI,EAAE,EAAE,UAAU,EAAE,IAAI,EAAE,CAAC,CAAC;IACvD,IAAI,CAAC,QAAQ,EAAE,CAAC;QACZ,MAAM,IAAI,aAAa,CAAC,kCAAkC,CAAC,CAAC;IAChE,CAAC;IAED,MAAM,MAAM,GAAG,IAAI,IAAI,CAAC,QAAQ,CAAC,OAAO,EAAE,CAAC,CAAC;IAE5C,QAAQ,IAAI,EAAE,CAAC;QACX,KAAK,aAAa;YACd,MAAM,CAAC,eAAe,CAAC,MAAM,CAAC,eAAe,EAAE,GAAG,MAAM,CAAC,CAAC;YAC1D,MAAM;QACV,KAAK,QAAQ;YACT,MAAM,CAAC,UAAU,CAAC,MAAM,CAAC,UAAU,EAAE,GAAG,MAAM,CAAC,CAAC;YAChD,MAAM;QACV,KAAK,QAAQ;YACT,MAAM,CAAC,UAAU,CAAC,MAAM,CAAC,UAAU,EAAE,GAAG,MAAM,CAAC,CAAC;YAChD,MAAM;QACV,KAAK,MAAM;YACP,MAAM,CAAC,QAAQ,CAAC,MAAM,CAAC,QAAQ,EAAE,GAAG,MAAM,CAAC,CAAC;YAC5C,MAAM;QACV,KAAK,KAAK;YACN,MAAM,CAAC,OAAO,CAAC,MAAM,CAAC,OAAO,EAAE,GAAG,MAAM,CAAC,CAAC;YAC1C,MAAM;QACV,KAAK,MAAM;YACP,MAAM,CAAC,OAAO,CAAC,MAAM,CAAC,OAAO,EAAE,GAAG,CAAC,MAAM,GAAG,CAAC,CAAC,CAAC,CAAC;YAChD,MAAM;QACV,KAAK,OAAO;YACR,MAAM,CAAC,QAAQ,CAAC,MAAM,CAAC,QAAQ,EAAE,GAAG,MAAM,CAAC,CAAC;YAC5C,MAAM;QACV,KAAK,MAAM;YACP,MAAM,CAAC,WAAW,CAAC,MAAM,CAAC,WAAW,EAAE,GAAG,MAAM,CAAC,CAAC;YAClD,MAAM;QACV;YACI,MAAM,IAAI,aAAa,CAAC,sBAAsB,IAAI,EAAE,CAAC,CAAC;IAC9D,CAAC;IAED,OAAO,MAAM,CAAC;AAClB,CAAC;AAED;;;;;;GAMG;AACH,SAAgB,YAAY,CACxB,IAA4B,EAC5B,MAAc,EACd,IAAc;IAEd,OAAO,OAAO,CAAC,IAAI,EAAE,CAAC,MAAM,EAAE,IAAI,CAAC,CAAC;AACxC,CAAC;AAED;;;;;;GAMG;AACH,SAAgB,WAAW,CACvB,KAA6B,EAC7B,KAA6B,EAC7B,IAAc;IAEd,MAAM,SAAS,GAAG,SAAS,CAAC,KAAK,EAAE,EAAE,UAAU,EAAE,IAAI,EAAE,CAAC,CAAC;IACzD,MAAM,SAAS,GAAG,SAAS,CAAC,KAAK,EAAE,EAAE,UAAU,EAAE,IAAI,EAAE,CAAC,CAAC;IAEzD,IAAI,CAAC,SAAS,IAAI,CAAC,SAAS,EAAE,CAAC;QAC3B,MAAM,IAAI,aAAa,CAAC,yCAAyC,CAAC,CAAC;IACvE,CAAC;IAED,MAAM,MAAM,GAAG,SAAS,CAAC,OAAO,EAAE,GAAG,SAAS,CAAC,OAAO,EAAE,CAAC;IAEzD,QAAQ,IAAI,EAAE,CAAC;QACX,KAAK,aAAa;YACd,OAAO,MAAM,CAAC;QAClB,KAAK,QAAQ;YACT,OAAO,IAAI,CAAC,KAAK,CAAC,MAAM,GAAG,IAAI,CAAC,CAAC;QACrC,KAAK,QAAQ;YACT,OAAO,IAAI,CAAC,KAAK,CAAC,MAAM,GAAG,CAAC,IAAI,GAAG,EAAE,CAAC,CAAC,CAAC;QAC5C,KAAK,MAAM;YACP,OAAO,IAAI,CAAC,KAAK,CAAC,MAAM,GAAG,CAAC,IAAI,GAAG,EAAE,GAAG,EAAE,CAAC,CAAC,CAAC;QACjD,KAAK,KAAK;YACN,OAAO,IAAI,CAAC,KAAK,CAAC,MAAM,GAAG,CAAC,IAAI,GAAG,EAAE,GAAG,EAAE,GAAG,EAAE,CAAC,CAAC,CAAC;QACtD,KAAK,MAAM;YACP,OAAO,IAAI,CAAC,KAAK,CAAC,MAAM,GAAG,CAAC,IAAI,GAAG,EAAE,GAAG,EAAE,GAAG,EAAE,GAAG,CAAC,CAAC,CAAC,CAAC;QAC1D,KAAK,OAAO,CAAC,CAAC,CAAC;YACX,4CAA4C;YAC5C,MAAM,MAAM,GAAG,SAAS,CAAC,WAAW,EAAE,CAAC;YACvC,MAAM,MAAM,GAAG,SAAS,CAAC,WAAW,EAAE,CAAC;YACvC,MAAM,OAAO,GAAG,SAAS,CAAC,QAAQ,EAAE,CAAC;YACrC,MAAM,OAAO,GAAG,SAAS,CAAC,QAAQ,EAAE,CAAC;YAErC,OAAO,CAAC,MAAM,GAAG,MAAM,CAAC,GAAG,EAAE,GAAG,CAAC,OAAO,GAAG,OAAO,CAAC,CAAC;QACxD,CAAC;QACD,KAAK,MAAM,CAAC,CAAC,CAAC;YACV,MAAM,MAAM,GAAG,SAAS,CAAC,WAAW,EAAE,CAAC;YACvC,MAAM,MAAM,GAAG,SAAS,CAAC,WAAW,EAAE,CAAC;YACvC,MAAM,eAAe,GAAG,CAAC,SAAS,CAAC,QAAQ,EAAE,GAAG,SAAS,CAAC,QAAQ,EAAE,CAAC,GAAG,EAAE,CAAC;YAC3E,OAAO,MAAM,GAAG,MAAM,GAAG,eAAe,CAAC;QAC7C,CAAC;QACD;YACI,MAAM,IAAI,aAAa,CAAC,sBAAsB,IAAI,EAAE,CAAC,CAAC;IAC9D,CAAC;AACL,CAAC;AAED;;;;;;;GAOG;AACH,SAAgB,cAAc,CAC1B,IAA4B,EAC5B,SAAiC,EACjC,OAA+B,EAC/B,SAAS,GAAG,IAAI;IAEhB,MAAM,QAAQ,GAAG,SAAS,CAAC,IAAI,EAAE,EAAE,UAAU,EAAE,IAAI,EAAE,CAAC,CAAC;IACvD,MAAM,aAAa,GAAG,SAAS,CAAC,SAAS,EAAE,EAAE,UAAU,EAAE,IAAI,EAAE,CAAC,CAAC;IACjE,MAAM,WAAW,GAAG,SAAS,CAAC,OAAO,EAAE,EAAE,UAAU,EAAE,IAAI,EAAE,CAAC,CAAC;IAE7D,IAAI,CAAC,QAAQ,IAAI,CAAC,aAAa,IAAI,CAAC,WAAW,EAAE,CAAC;QAC9C,MAAM,IAAI,aAAa,CAAC,4CAA4C,CAAC,CAAC;IAC1E,CAAC;IAED,MAAM,QAAQ,GAAG,QAAQ,CAAC,OAAO,EAAE,CAAC;IACpC,MAAM,SAAS,GAAG,aAAa,CAAC,OAAO,EAAE,CAAC;IAC1C,MAAM,OAAO,GAAG,WAAW,CAAC,OAAO,EAAE,CAAC;IAEtC,IAAI,SAAS,EAAE,CAAC;QACZ,OAAO,QAAQ,IAAI,SAAS,IAAI,QAAQ,IAAI,OAAO,CAAC;IACxD,CAAC;SAAM,CAAC;QACJ,OAAO,QAAQ,GAAG,SAAS,IAAI,QAAQ,GAAG,OAAO,CAAC;IACtD,CAAC;AACL,CAAC;AAED;;;;;GAKG;AACH,SAAgB,WAAW,CAAC,IAAS;IACjC,MAAM,UAAU,GAAG,SAAS,CAAC,IAAI,EAAE,EAAE,UAAU,EAAE,KAAK,EAAE,CAAC,CAAC;IAC1D,OAAO,UAAU,KAAK,IAAI,CAAC;AAC/B,CAAC;AAED;;;;;GAKG;AACH,SAAgB,OAAO,CACnB,IAA4B,EAC5B,IAA4D;IAE5D,MAAM,QAAQ,GAAG,SAAS,CAAC,IAAI,EAAE,EAAE,UAAU,EAAE,IAAI,EAAE,CAAC,CAAC;IACvD,IAAI,CAAC,QAAQ,EAAE,CAAC;QACZ,MAAM,IAAI,aAAa,CAAC,kCAAkC,CAAC,CAAC;IAChE,CAAC;IAED,MAAM,MAAM,GAAG,IAAI,IAAI,CAAC,QAAQ,CAAC,OAAO,EAAE,CAAC,CAAC;IAE5C,QAAQ,IAAI,EAAE,CAAC;QACX,KAAK,MAAM;YACP,MAAM,CAAC,UAAU,CAAC,CAAC,EAAE,CAAC,EAAE,CAAC,CAAC,CAAC;YAC3B,MAAM;QACV,KAAK,KAAK;YACN,MAAM,CAAC,QAAQ,CAAC,CAAC,EAAE,CAAC,EAAE,CAAC,EAAE,CAAC,CAAC,CAAC;YAC5B,MAAM;QACV,KAAK,MAAM,CAAC,CAAC,CAAC;YACV,yDAAyD;YACzD,MAAM,SAAS,GAAG,MAAM,CAAC,MAAM,EAAE,CAAC;YAClC,iDAAiD;YACjD,MAAM,CAAC,OAAO,CAAC,MAAM,CAAC,OAAO,EAAE,GAAG,SAAS,CAAC,CAAC;YAC7C,MAAM,CAAC,QAAQ,CAAC,CAAC,EAAE,CAAC,EAAE,CAAC,EAAE,CAAC,CAAC,CAAC;YAC5B,MAAM;QACV,CAAC;QACD,KAAK,OAAO;YACR,MAAM,CAAC,OAAO,CAAC,CAAC,CAAC,CAAC;YAClB,MAAM,CAAC,QAAQ,CAAC,CAAC,EAAE,CAAC,EAAE,CAAC,EAAE,CAAC,CAAC,CAAC;YAC5B,MAAM;QACV,KAAK,MAAM;YACP,MAAM,CAAC,QAAQ,CAAC,CAAC,EAAE,CAAC,CAAC,CAAC;YACtB,MAAM,CAAC,QAAQ,CAAC,CAAC,EAAE,CAAC,EAAE,CAAC,EAAE,CAAC,CAAC,CAAC;YAC5B,MAAM;QACV;YACI,MAAM,IAAI,aAAa,CAAC,kCAAkC,IAAI,EAAE,CAAC,CAAC;IAC1E,CAAC;IAED,OAAO,MAAM,CAAC;AAClB,CAAC;AAED;;;;;GAKG;AACH,SAAgB,KAAK,CACjB,IAA4B,EAC5B,IAA4D;IAE5D,MAAM,QAAQ,GAAG,SAAS,CAAC,IAAI,EAAE,EAAE,UAAU,EAAE,IAAI,EAAE,CAAC,CAAC;IACvD,IAAI,CAAC,QAAQ,EAAE,CAAC;QACZ,MAAM,IAAI,aAAa,CAAC,gCAAgC,CAAC,CAAC;IAC9D,CAAC;IAED,MAAM,MAAM,GAAG,IAAI,IAAI,CAAC,QAAQ,CAAC,OAAO,EAAE,CAAC,CAAC;IAE5C,QAAQ,IAAI,EAAE,CAAC;QACX,KAAK,MAAM;YACP,MAAM,CAAC,UAAU,CAAC,EAAE,EAAE,EAAE,EAAE,GAAG,CAAC,CAAC;YAC/B,MAAM;QACV,KAAK,KAAK;YACN,MAAM,CAAC,QAAQ,CAAC,EAAE,EAAE,EAAE,EAAE,EAAE,EAAE,GAAG,CAAC,CAAC;YACjC,MAAM;QACV,KAAK,MAAM,CAAC,CAAC,CAAC;YACV,yDAAyD;YACzD,MAAM,SAAS,GAAG,MAAM,CAAC,MAAM,EAAE,CAAC;YAClC,4CAA4C;YAC5C,MAAM,CAAC,OAAO,CAAC,MAAM,CAAC,OAAO,EAAE,GAAG,CAAC,CAAC,GAAG,SAAS,CAAC,CAAC,CAAC;YACnD,MAAM,CAAC,QAAQ,CAAC,EAAE,EAAE,EAAE,EAAE,EAAE,EAAE,GAAG,CAAC,CAAC;YACjC,MAAM;QACV,CAAC;QACD,KAAK,OAAO,CAAC,CAAC,CAAC;YACX,qEAAqE;YACrE,MAAM,CAAC,QAAQ,CAAC,MAAM,CAAC,QAAQ,EAAE,GAAG,CAAC,EAAE,CAAC,CAAC,CAAC;YAC1C,MAAM,CAAC,QAAQ,CAAC,EAAE,EAAE,EAAE,EAAE,EAAE,EAAE,GAAG,CAAC,CAAC;YACjC,MAAM;QACV,CAAC;QACD,KAAK,MAAM;YACP,MAAM,CAAC,QAAQ,CAAC,EAAE,EAAE,EAAE,CAAC,CAAC;YACxB,MAAM,CAAC,QAAQ,CAAC,EAAE,EAAE,EAAE,EAAE,EAAE,EAAE,GAAG,CAAC,CAAC;YACjC,MAAM;QACV;YACI,MAAM,IAAI,aAAa,CAAC,gCAAgC,IAAI,EAAE,CAAC,CAAC;IACxE,CAAC;IAED,OAAO,MAAM,CAAC;AAClB,CAAC;AAED;;;;GAIG;AACH,SAAgB,YAAY,CAAC,IAA4B;IACrD,MAAM,QAAQ,GAAG,SAAS,CAAC,IAAI,EAAE,EAAE,UAAU,EAAE,IAAI,EAAE,CAAC,CAAC;IACvD,IAAI,CAAC,QAAQ,EAAE,CAAC;QACZ,MAAM,IAAI,aAAa,CAAC,uCAAuC,CAAC,CAAC;IACrE,CAAC;IAED,MAAM,WAAW,GAAG,IAAI,IAAI,CAAC,QAAQ,CAAC,WAAW,EAAE,EAAE,CAAC,EAAE,CAAC,CAAC,CAAC;IAC3D,MAAM,IAAI,GAAG,QAAQ,CAAC,OAAO,EAAE,GAAG,WAAW,CAAC,OAAO,EAAE,CAAC;IACxD,MAAM,MAAM,GAAG,IAAI,GAAG,EAAE,GAAG,EAAE,GAAG,EAAE,CAAC;IACnC,OAAO,IAAI,CAAC,KAAK,CAAC,IAAI,GAAG,MAAM,CAAC,CAAC;AACrC,CAAC;AAED;;;;GAIG;AACH,SAAgB,aAAa,CAAC,IAA4B;IACtD,MAAM,QAAQ,GAAG,SAAS,CAAC,IAAI,EAAE,EAAE,UAAU,EAAE,IAAI,EAAE,CAAC,CAAC;IACvD,IAAI,CAAC,QAAQ,EAAE,CAAC;QACZ,MAAM,IAAI,aAAa,CAAC,wCAAwC,CAAC,CAAC;IACtE,CAAC;IAED,iEAAiE;IACjE,6BAA6B;IAC7B,MAAM,MAAM,GAAG,IAAI,IAAI,CAAC,QAAQ,CAAC,OAAO,EAAE,CAAC,CAAC;IAC5C,MAAM,KAAK,GAAG,CAAC,QAAQ,CAAC,MAAM,EAAE,GAAG,CAAC,CAAC,GAAG,CAAC,CAAC;IAC1C,MAAM,CAAC,OAAO,CAAC,MAAM,CAAC,OAAO,EAAE,GAAG,KAAK,GAAG,CAAC,CAAC,CAAC;IAE7C,wBAAwB;IACxB,MAAM,aAAa,GAAG,IAAI,IAAI,CAAC,MAAM,CAAC,WAAW,EAAE,EAAE,CAAC,EAAE,CAAC,CAAC,CAAC;IAC3D,6BAA6B;IAC7B,IAAI,aAAa,CAAC,MAAM,EAAE,KAAK,CAAC,EAAE,CAAC;QAC/B,aAAa,CAAC,QAAQ,CAAC,CAAC,EAAE,CAAC,GAAG,CAAC,CAAC,CAAC,GAAG,aAAa,CAAC,MAAM,EAAE,CAAC,GAAG,CAAC,CAAC,GAAG,CAAC,CAAC,CAAC;IAC1E,CAAC;IAED,2CAA2C;IAC3C,MAAM,QAAQ,GAAG,CAAC,MAAM,CAAC,OAAO,EAAE,GAAG,aAAa,CAAC,OAAO,EAAE,CAAC,GAAG,CAAC,CAAC,GAAG,EAAE,GAAG,IAAI,GAAG,IAAI,CAAC,CAAC;IACvF,OAAO,CAAC,GAAG,IAAI,CAAC,KAAK,CAAC,QAAQ,CAAC,CAAC;AACpC,CAAC;AAED;;;;GAIG;AACH,SAAgB,UAAU,CAAC,IAA4B;IACnD,IAAI,WAAmB,CAAC;IAExB,IAAI,OAAO,IAAI,KAAK,QAAQ,EAAE,CAAC;QAC3B,WAAW,GAAG,IAAI,CAAC;IACvB,CAAC;SAAM,CAAC;QACJ,MAAM,QAAQ,GAAG,SAAS,CAAC,IAAI,EAAE,EAAE,UAAU,EAAE,IAAI,EAAE,CAAC,CAAC;QACvD,IAAI,CAAC,QAAQ,EAAE,CAAC;YACZ,MAAM,IAAI,aAAa,CAAC,qCAAqC,CAAC,CAAC;QACnE,CAAC;QACD,WAAW,GAAG,QAAQ,CAAC,WAAW,EAAE,CAAC;IACzC,CAAC;IAED,OAAO,CAAC,WAAW,GAAG,CAAC,KAAK,CAAC,IAAI,WAAW,GAAG,GAAG,KAAK,CAAC,CAAC,IAAI,CAAC,WAAW,GAAG,GAAG,KAAK,CAAC,CAAC,CAAC;AAC3F,CAAC;AAED;;;;GAIG;AACH,SAAgB,cAAc,CAAC,IAA4B;IACvD,MAAM,QAAQ,GAAG,SAAS,CAAC,IAAI,EAAE,EAAE,UAAU,EAAE,IAAI,E
[...]
)) / 12;\n            return d1Year - d2Year + monthAdjustment;\n        }\n        default:\n            throw new DateWiseError(`Invalid time unit: ${unit}`);\n    }\n}\n\n/**\n * Checks if a date is between two other dates\n * @param date - The date to check\n * @param startDate - The start date\n * @param endDate - The end date\n * @param inclusive - Whether to include the boundaries\n * @returns True if the date is between the start and end dates\n */\nexport function isBetweenDates(\n    date: Date | string | number,\n    startDate: Date | string | number,\n    endDate: Date | string | number,\n    inclusive = true\n): boolean {\n    const safeDate = parseDate(date, { throwError: true });\n    const safeStartDate = parseDate(startDate, { throwError: true });\n    const safeEndDate = parseDate(endDate, { throwError: true });\n\n    if (!safeDate || !safeStartDate || !safeEndDate) {\n        throw new DateWiseError('Invalid date(s) provided to isBetweenDates');\n    }\n\n    const dateTime = safeDate.getTime();\n    const startTime = safeStartDate.getTime();\n    const endTime = safeEndDate.getTime();\n\n    if (inclusive) {\n        return dateTime >= startTime && dateTime <= endTime;\n    } else {\n        return dateTime > startTime && dateTime < endTime;\n    }\n}\n\n/**\n * Validates whether a given input is a valid date in supported formats.\n * Checks if a date is valid\n * @param date - The date to check\n * @returns True if the date is valid\n */\nexport function isValidDate(date: any): boolean {\n    const parsedDate = parseDate(date, { throwError: false });\n    return parsedDate !== null;\n}\n\n/**\n * Gets the start of a time unit (e.g., start of day, start of month)\n * @param date - The reference date\n * @param unit - The time unit\n * @returns A new Date representing the start of the specified unit\n */\nexport function startOf(\n    date: Date | string | number,\n    unit: Exclude<TimeUnit, 'millisecond' | 'second' | 'minute'>\n): Date {\n    const safeDate = parseDate(date, { throwError: true });\n    if (!safeDate) {\n        throw new DateWiseError('Invalid date provided to startOf');\n    }\n\n    const result = new Date(safeDate.getTime());\n\n    switch (unit) {\n        case 'hour':\n            result.setMinutes(0, 0, 0);\n            break;\n        case 'day':\n            result.setHours(0, 0, 0, 0);\n            break;\n        case 'week': {\n            // Get the day of the week (0 = Sunday, 1 = Monday, etc.)\n            const dayOfWeek = result.getDay();\n            // Subtract days to get to Sunday (start of week)\n            result.setDate(result.getDate() - dayOfWeek);\n            result.setHours(0, 0, 0, 0);\n            break;\n        }\n        case 'month':\n            result.setDate(1);\n            result.setHours(0, 0, 0, 0);\n            break;\n        case 'year':\n            result.setMonth(0, 1);\n            result.setHours(0, 0, 0, 0);\n            break;\n        default:\n            throw new DateWiseError(`Invalid time unit for startOf: ${unit}`);\n    }\n\n    return result;\n}\n\n/**\n * Gets the end of a time unit (e.g., end of day, end of month)\n * @param date - The reference date\n * @param unit - The time unit\n * @returns A new Date representing the end of the specified unit\n */\nexport function endOf(\n    date: Date | string | number,\n    unit: Exclude<TimeUnit, 'millisecond' | 'second' | 'minute'>\n): Date {\n    const safeDate = parseDate(date, { throwError: true });\n    if (!safeDate) {\n        throw new DateWiseError('Invalid date provided to endOf');\n    }\n\n    const result = new Date(safeDate.getTime());\n\n    switch (unit) {\n        case 'hour':\n            result.setMinutes(59, 59, 999);\n            break;\n        case 'day':\n            result.setHours(23, 59, 59, 999);\n            break;\n        case 'week': {\n            // Get the day of the week (0 = Sunday, 1 = Monday, etc.)\n            const dayOfWeek = result.getDay();\n            // Add days to get to Saturday (end of week)\n            result.setDate(result.getDate() + (6 - dayOfWeek));\n            result.setHours(23, 59, 59, 999);\n            break;\n        }\n        case 'month': {\n            // Go to the first day of the next month, then subtract 1 millisecond\n            result.setMonth(result.getMonth() + 1, 0);\n            result.setHours(23, 59, 59, 999);\n            break;\n        }\n        case 'year':\n            result.setMonth(11, 31);\n            result.setHours(23, 59, 59, 999);\n            break;\n        default:\n            throw new DateWiseError(`Invalid time unit for endOf: ${unit}`);\n    }\n\n    return result;\n}\n\n/**\n * Gets the day of the year (1-366)\n * @param date - The date\n * @returns The day of the year\n */\nexport function getDayOfYear(date: Date | string | number): number {\n    const safeDate = parseDate(date, { throwError: true });\n    if (!safeDate) {\n        throw new DateWiseError('Invalid date provided to getDayOfYear');\n    }\n\n    const startOfYear = new Date(safeDate.getFullYear(), 0, 0);\n    const diff = safeDate.getTime() - startOfYear.getTime();\n    const oneDay = 1000 * 60 * 60 * 24;\n    return Math.floor(diff / oneDay);\n}\n\n/**\n * Gets the week of the year (1-53)\n * @param date - The date\n * @returns The week of the year\n */\nexport function getWeekOfYear(date: Date | string | number): number {\n    const safeDate = parseDate(date, { throwError: true });\n    if (!safeDate) {\n        throw new DateWiseError('Invalid date provided to getWeekOfYear');\n    }\n\n    // Set to nearest Thursday: current date + 4 - current day number\n    // Make Sunday's day number 7\n    const target = new Date(safeDate.valueOf());\n    const dayNr = (safeDate.getDay() + 6) % 7;\n    target.setDate(target.getDate() - dayNr + 3);\n\n    // Get first day of year\n    const firstThursday = new Date(target.getFullYear(), 0, 1);\n    // First Thursday of the year\n    if (firstThursday.getDay() !== 4) {\n        firstThursday.setMonth(0, 1 + ((4 - firstThursday.getDay()) + 7) % 7);\n    }\n\n    // Get the week number: 1 + number of weeks\n    const weekDiff = (target.getTime() - firstThursday.getTime()) / (7 * 24 * 3600 * 1000);\n    return 1 + Math.floor(weekDiff);\n}\n\n/**\n * Checks if a year is a leap year\n * @param year - The year to check or a date\n * @returns True if the year is a leap year\n */\nexport function isLeapYear(year: number | Date | string): boolean {\n    let yearToCheck: number;\n\n    if (typeof year === 'number') {\n        yearToCheck = year;\n    } else {\n        const safeDate = parseDate(year, { throwError: true });\n        if (!safeDate) {\n            throw new DateWiseError('Invalid date provided to isLeapYear');\n        }\n        yearToCheck = safeDate.getFullYear();\n    }\n\n    return (yearToCheck % 4 === 0 && yearToCheck % 100 !== 0) || (yearToCheck % 400 === 0);\n}\n\n/**\n * Gets the number of days in a month\n * @param date - The reference date\n * @returns The number of days in the month\n */\nexport function getDaysInMonth(date: Date | string | number): number {\n    const safeDate = parseDate(date, { throwError: true });\n    if (!safeDate) {\n        throw new DateWiseError('Invalid date provided to getDaysInMonth');\n    }\n\n    return new Date(safeDate.getFullYear(), safeDate.getMonth() + 1, 0).getDate();\n}\n\n/**\n * Returns a relative time string (e.g., \"5 minutes ago\", \"in 2 days\")\n * @param date - The date to get relative time for\n * @param baseDate - The base date (defaults to now)\n * @returns A human-readable relative time string\n */\nexport function getRelativeTime(\n    date: Date | string | number,\n    baseDate: Date | string | number = new Date()\n): string {\n    const safeDate = parseDate(date, { throwError: true });\n    const safeBaseDate = parseDate(baseDate, { throwError: true });\n\n    if (!safeDate || !safeBaseDate) {\n        throw new DateWiseError('Invalid date(s) provided to getRelativeTime');\n    }\n\n    const deltaMs = safeDate.getTime() - safeBaseDate.getTime();\n    const isPast = deltaMs < 0;\n    const absDelta = Math.abs(deltaMs);\n    const deltaSeconds = Math.round(absDelta / 1000);\n\n    // Helper for string formatting\n    const format = (value: number, unit: string): string => {\n        const plural = value !== 1 ? 's' : '';\n        return isPast ? `${value} ${unit}${plural} ago` : `in ${value} ${unit}${plural}`;\n    };\n\n    // Tiny ranges\n    if (deltaSeconds < 5) return 'just now';\n    if (deltaSeconds < 60) return format(deltaSeconds, 'second');\n    if (deltaSeconds < 3600) return format(Math.floor(deltaSeconds / 60), 'minute');\n    if (deltaSeconds < 86400) return format(Math.floor(deltaSeconds / 3600), 'hour');\n    if (deltaSeconds < 604800) return format(Math.floor(deltaSeconds / 86400), 'day');\n    if (deltaSeconds < 2629800) return format(Math.floor(deltaSeconds / 604800), 'week');\n\n    // Months and years: use calendar-aware difference\n    const from = new Date(safeBaseDate.getFullYear(), safeBaseDate.getMonth(), safeBaseDate.getDate());\n    const to = new Date(safeDate.getFullYear(), safeDate.getMonth(), safeDate.getDate());\n\n    let years = to.getFullYear() - from.getFullYear();\n    let months = to.getMonth() - from.getMonth();\n    let totalMonths = years * 12 + months;\n\n    // Adjust if the day of the month isn't reached yet\n    if (to.getDate() < from.getDate()) {\n        totalMonths -= 1;\n    }\n\n    if (Math.abs(totalMonths) >= 12) {\n        return format(Math.floor(Math.abs(totalMonths) / 12), 'year');\n    }\n\n    return format(Math.abs(totalMonths), 'month');\n}\n\n/**\n * Gets the timezone offset in minutes\n * @param date - The date to get timezone offset for\n * @returns Timezone offset in minutes\n */\nexport function getTimezoneOffset(date: Date | string | number = new Date()): number {\n    const safeDate = parseDate(date, { throwError: true });\n    if (!safeDate) {\n        throw new DateWiseError('Invalid date provided to getTimezoneOffset');\n    }\n\n    return safeDate.getTimezoneOffset();\n}\n\n/**\n * Creates a date from components\n * @param year - The year\n * @param month - The month (0-11)\n * @param day - The day (1-31)\n * @param hours - The hours (0-23)\n * @param minutes - The minutes (0-59)\n * @param seconds - The seconds (0-59)\n * @param milliseconds - The milliseconds (0-999)\n * @returns A new Date object\n */\nexport function createDate(\n    year: number,\n    month: number,\n    day: number,\n    hours = 0,\n    minutes = 0,\n    seconds = 0,\n    milliseconds = 0\n): Date {\n    // Validate inputs\n    if (month < 0 || month > 11) {\n        throw new DateWiseError(`Month must be between 0 and 11, got ${month}`);\n    }\n\n    const date = new Date(year, month, day, hours, minutes, seconds, milliseconds);\n\n    // Check if the date is valid\n    if (isNaN(date.getTime())) {\n        throw new DateWiseError('Invalid date components provided to createDate');\n    }\n\n    // Verify that the day didn't roll over (e.g., April 31 -> May 1)\n    if (date.getMonth() !== month) {\n        throw new DateWiseError(`Invalid day ${day} for month ${month}`);\n    }\n\n    return date;\n}\n\n/**\n * A calendar date without time information\n */\nexport class CalendarDate {\n    private _year: number;\n    private _month: number;\n    private _day: number;\n\n    /**\n     * Creates a new CalendarDate\n     * @param year - The year\n     * @param month - The month (1-12)\n     * @param day - The day (1-31)\n     */\n    constructor(year: number, month: number, day: number) {\n        // Convert month from 1-based to 0-based for internal storage\n        const internalMonth = month - 1;\n\n        // Validate inputs through createDate (will throw if invalid)\n        const date = createDate(year, internalMonth, day);\n\n        this._year = date.getFullYear();\n        this._month = date.getMonth();\n        this._day = date.getDate();\n    }\n\n    /**\n     * Creates a CalendarDate from a Date object\n     * @param date - The Date object\n     * @returns A new CalendarDate\n     */\n    static fromDate(date: Date): CalendarDate {\n        return new CalendarDate(\n            date.getFullYear(),\n            date.getMonth() + 1,\n            date.getDate()\n        );\n    }\n\n    /**\n     * Creates a CalendarDate from a string or timestamp\n     * @param input - The input to parse\n     * @returns A new CalendarDate\n     */\n    static fromString(input: string | number): CalendarDate {\n        const date = parseDate(input, { throwError: true });\n        if (!date) {\n            throw new DateWiseError('Invalid date provided to CalendarDate.fromString');\n        }\n        return CalendarDate.fromDate(date);\n    }\n\n    /**\n     * Gets the year\n     */\n    get year(): number {\n        return this._year;\n    }\n\n    /**\n     * Gets the month (1-12)\n     */\n    get month(): number {\n        return this._month + 1;\n    }\n\n    /**\n     * Gets the day (1-31)\n     */\n    get day(): number {\n        return this._day;\n    }\n\n    /**\n     * Converts to a JavaScript Date object (at midnight local time)\n     * @returns A new Date object\n     */\n    toDate(): Date {\n        return new Date(this._year, this._month, this._day, 0, 0, 0, 0);\n    }\n\n    /**\n     * Returns an ISO date string (YYYY-MM-DD)\n     * @returns ISO date string\n     */\n    toString(): string {\n        return formatDate(this.toDate(), 'YYYY-MM-DD');\n    }\n\n    /**\n     * Adds time to this calendar date\n     * @param amount - The amount to add\n     * @param unit - The time unit (limited to day, week, month, year)\n     * @returns A new CalendarDate\n     */\n    add(\n        amount: number,\n        unit: Extract<TimeUnit, 'day' | 'week' | 'month' | 'year'>\n    ): CalendarDate {\n        const newDate = addTime(this.toDate(), amount, unit);\n        return CalendarDate.fromDate(newDate);\n    }\n\n    /**\n     * Checks if this calendar date is equal to another\n     * @param other - The other calendar date\n     * @returns True if the dates are equal\n     */\n    equals(other: CalendarDate): boolean {\n        return (\n            this._year === other._year &&\n            this._month === other._month &&\n            this._day === other._day\n        );\n    }\n\n    /**\n     * Compares this calendar date with another\n     * @param other - The other calendar date\n     * @returns Negative if this < other, 0 if equal, positive if this > other\n     */\n    compare(other: CalendarDate): number {\n        if (this._year !== other._year) {\n            return this._year - other._year;\n        }\n        if (this._month !== other._month) {\n            return this._month - other._month;\n        }\n        return this._day - other._day;\n    }\n\n    /**\n     * Checks if this calendar date is before another\n     * @param other - The other calendar date\n     * @returns True if this date is before the other\n     */\n    isBefore(other: CalendarDate): boolean {\n        return this.compare(other) < 0;\n    }\n\n    /**\n     * Checks if this calendar date is after another\n     * @param other - The other calendar date\n     * @returns True if this date is after the other\n     */\n    isAfter(other: CalendarDate): boolean {\n        return this.compare(other) > 0;\n    }\n}\n\n/**\n * Gets the current UTC date and time\n * @returns The current UTC date and time\n */\nexport function utcNow(): Date {\n    const now = new Date();\n    return new Date(now.getTime() + now.getTimezoneOffset() * 60000);\n}\n\n/**\n * Converts a date to UTC\n * @param date - The date to convert\n * @returns A new Date in UTC\n */\nexport function toUTC(date: Date | string | number): Date {\n    const safeDate = parseDate(date, { throwError: true });\n    if (!safeDate) {\n        throw new DateWiseError('Invalid date provided to toUTC');\n    }\n\n    return new Date(\n        safeDate.getTime() + safeDate.getTimezoneOffset() * 60000\n    );\n}\n\n/**\n * Gets a string representation of the current timezone\n * @returns Timezone string (e.g., \"UTC+2\")\n */\nexport function getTimezoneString(): string {\n    const offset = new Date().getTimezoneOffset();\n    const sign = offset <= 0 ? '+' : '-';\n    const absOffset = Math.abs(offset);\n    const hours = Math.floor(absOffset / 60);\n    const minutes = absOffset % 60;\n\n    return `UTC${sign}${hours.toString().padStart(2, '0')}:${minutes.toString().padStart(2, '0')}`;\n}\n\n/**\n * Validates if a date string matches a specific format\n * @param dateStr - The date string to validate\n * @param format - The expected format\n * @returns True if the date string matches the format and is valid\n */\nexport function validateDateFormat(dateStr: string, format: DateFormat): boolean {\n\n    let match: RegExpMatchArray | null;\n\n    switch (format) {\n        case 'YYYY-MM-DD':\n            match = dateStr.match(/^(\\d{4})-(\\d{2})-(\\d{2})$/);\n            if (!match) return false;\n            break;\n        case 'MM/DD/YYYY':\n            match = dateStr.match(/^(\\d{1,2})\\/(\\d{1,2})\\/(\\d{4})$/);\n            if (!match) return false;\n            const [ , mm1, dd1, yyyy1 ] = match.map(Number);\n            if (mm1 < 1 || mm1 > 12 || dd1 < 1 || dd1 > 31) return false;\n            return new Date(`${yyyy1}-${String(mm1).padStart(2, '0')}-${String(dd1).padStart(2, '0')}`).getMonth() === mm1 - 1;\n        case 'DD/MM/YYYY':\n            match = dateStr.match(/^(\\d{1,2})\\/(\\d{1,2})\\/(\\d{4})$/);\n            if (!match) return false;\n            const [ , dd2, mm2, yyyy2 ] = match.map(Number);\n            if (mm2 < 1 || mm2 > 12 || dd2 < 1 || dd2 > 31) return false;\n            return new Date(`${yyyy2}-${String(mm2).padStart(2, '0')}-${String(dd2).padStart(2, '0')}`).getDate() === dd2;\n        case 'YYYY-MM-DD HH:mm:ss':\n            match = dateStr.match(/^(\\d{4})-(\\d{2})-(\\d{2}) (\\d{2}):(\\d{2}):(\\d{2})$/);\n            if (!match) return false;\n            break;\n        case 'DD MMM YYYY':\n            match = dateStr.match(/^(\\d{1,2}) ([A-Za-z]{3}) (\\d{4})$/);\n            if (!match) return false;\n            break;\n        case 'MMM DD, YYYY':\n            match = dateStr.match(/^([A-Za-z]{3}) (\\d{1,2}), (\\d{4})$/);\n            if (!match) return false;\n            break;\n        case 'HH:mm:ss':\n            match = dateStr.match(/^(\\d{2}):(\\d{2}):(\\d{2})$/);\n            if (!match) return false;\n            const [ , h1, m1, s1 ] = match.map(Number);\n            return h1 < 24 && m1 < 60 && s1 < 60;\n        case 'hh:mm A':\n            match = dateStr.match(/^(\\d{1,2}):(\\d{2}) ([AP]M)$/);\n            if (!match) return false;\n            const hour = parseInt(match[1], 10);\n            const minute = parseInt(match[2], 10);\n            return hour >= 1 && hour <= 12 && minute >= 0 && minute <= 59;\n        default:\n            return false;\n    }\n\n    // Optional: Try parsing to be doubly sure\n    try {\n        const date = parseDate(dateStr);\n        return date !== null && !isNaN(date.getTime());\n    } catch {\n        return false;\n    }\n}\n\n/**\n * DateWise namespace - contains all DateWise exports for easy access\n */\nexport const DateWise = {\n    parseDate,\n    formatDate,\n    addTime,\n    subtractTime,\n    getDateDiff,\n    isBetweenDates,\n    isValidDate,\n    startOf,\n    endOf,\n    getDayOfYear,\n    getWeekOfYear,\n    isLeapYear,\n    getDaysInMonth,\n    getRelativeTime,\n    getTimezoneOffset,\n    createDate,\n    CalendarDate,\n    utcNow,\n    toUTC,\n    getTimezoneString,\n    validateDateFormat\n};\n\nexport default DateWise;"]},"_coverageSchema":"1a1c01bbd47fc00a2c39e90264f33305004495a9","hash":"00d72255113be8d9cd563db2325ebc83d7bdb720","contentHash":"3b48c8a784acf80c894f5e9952ce434fa17d362b0e49ab37dae479f00a2fe2e6"}}